#! /usr/bin/vvp
:ivl_version "11.0 (stable)" "(v11_0)";
:ivl_delay_selection "TYPICAL";
:vpi_time_precision + 0;
:vpi_module "/usr/lib/ivl/system.vpi";
:vpi_module "/usr/lib/ivl/vhdl_sys.vpi";
:vpi_module "/usr/lib/ivl/vhdl_textio.vpi";
:vpi_module "/usr/lib/ivl/v2005_math.vpi";
:vpi_module "/usr/lib/ivl/va_math.vpi";
S_0x5653d75463a0 .scope module, "testbench_MEMORY" "testbench_MEMORY" 2 1;
 .timescale 0 0;
P_0x5653d7546530 .param/l "WIDTH" 0 2 2, +C4<00000000000000000000000000001000>;
v0x5653d7564020_0 .var "Addr", 7 0;
v0x5653d75640e0_0 .var "Din", 31 0;
v0x5653d7564180_0 .net "Dout", 31 0, v0x5653d75637e0_0;  1 drivers
v0x5653d7564280_0 .var "Valid", 0 0;
v0x5653d7564350_0 .var "clk", 0 0;
v0x5653d7564440_0 .var "reset", 0 0;
v0x5653d7564510_0 .var "rw", 0 0;
S_0x5653d75465d0 .scope module, "DUT" "MEMORY" 2 11, 3 1 0, S_0x5653d75463a0;
 .timescale 0 0;
    .port_info 0 /INPUT 32 "Din";
    .port_info 1 /INPUT 8 "Addr";
    .port_info 2 /INPUT 1 "rw";
    .port_info 3 /INPUT 1 "Valid";
    .port_info 4 /INPUT 1 "reset";
    .port_info 5 /INPUT 1 "clk";
    .port_info 6 /OUTPUT 32 "Dout";
P_0x5653d7546f00 .param/l "WIDTH" 0 3 1, +C4<00000000000000000000000000001000>;
v0x5653d7541040_0 .net "Addr", 7 0, v0x5653d7564020_0;  1 drivers
v0x5653d7563700_0 .net "Din", 31 0, v0x5653d75640e0_0;  1 drivers
v0x5653d75637e0_0 .var "Dout", 31 0;
v0x5653d75638a0 .array "Mem", 255 0, 31 0;
v0x5653d7563960_0 .net "Valid", 0 0, v0x5653d7564280_0;  1 drivers
v0x5653d7563a70_0 .net "clk", 0 0, v0x5653d7564350_0;  1 drivers
v0x5653d7563b30_0 .var/i "pos", 31 0;
v0x5653d7563c10_0 .net "reset", 0 0, v0x5653d7564440_0;  1 drivers
v0x5653d7563cd0_0 .net "rw", 0 0, v0x5653d7564510_0;  1 drivers
E_0x5653d75420a0 .event posedge, v0x5653d7563c10_0, v0x5653d7563a70_0;
S_0x5653d7563e70 .scope task, "display" "display" 2 96, 2 96 0, S_0x5653d75463a0;
 .timescale 0 0;
TD_testbench_MEMORY.display ;
    %vpi_call 2 97 "$display", "reset = %0h, clk = %0h, valid = %0h, rw = %0h, Din = %0h, Addr = %0h, Dout = %0h", v0x5653d7564440_0, v0x5653d7564350_0, v0x5653d7564280_0, v0x5653d7564510_0, v0x5653d75640e0_0, v0x5653d7564020_0, v0x5653d7564180_0 {0 0 0};
    %end;
    .scope S_0x5653d75465d0;
T_1 ;
    %wait E_0x5653d75420a0;
    %load/vec4 v0x5653d7563c10_0;
    %flag_set/vec4 8;
    %jmp/0xz  T_1.0, 8;
    %pushi/vec4 0, 0, 32;
    %store/vec4 v0x5653d7563b30_0, 0, 32;
T_1.2 ;
    %load/vec4 v0x5653d7563b30_0;
    %cmpi/u 256, 0, 32;
    %jmp/0xz T_1.3, 5;
    %pushi/vec4 0, 0, 32;
    %ix/getv/s 3, v0x5653d7563b30_0;
    %ix/load 4, 0, 0; Constant delay
    %assign/vec4/a/d v0x5653d75638a0, 0, 4;
    %load/vec4 v0x5653d7563b30_0;
    %addi 1, 0, 32;
    %store/vec4 v0x5653d7563b30_0, 0, 32;
    %jmp T_1.2;
T_1.3 ;
    %pushi/vec4 0, 0, 32;
    %assign/vec4 v0x5653d75637e0_0, 0;
    %jmp T_1.1;
T_1.0 ;
    %load/vec4 v0x5653d7563960_0;
    %flag_set/vec4 8;
    %jmp/0xz  T_1.4, 8;
    %load/vec4 v0x5653d7563cd0_0;
    %flag_set/vec4 8;
    %jmp/0xz  T_1.6, 8;
    %load/vec4 v0x5653d7563700_0;
    %load/vec4 v0x5653d7541040_0;
    %pad/u 10;
    %ix/vec4 3;
    %ix/load 4, 0, 0; Constant delay
    %assign/vec4/a/d v0x5653d75638a0, 0, 4;
    %pushi/vec4 0, 4294967295, 32;
    %assign/vec4 v0x5653d75637e0_0, 0;
    %jmp T_1.7;
T_1.6 ;
    %load/vec4 v0x5653d7541040_0;
    %pad/u 10;
    %ix/vec4 4;
    %load/vec4a v0x5653d75638a0, 4;
    %assign/vec4 v0x5653d75637e0_0, 0;
T_1.7 ;
    %jmp T_1.5;
T_1.4 ;
    %pushi/vec4 0, 4294967295, 32;
    %assign/vec4 v0x5653d75637e0_0, 0;
T_1.5 ;
T_1.1 ;
    %jmp T_1;
    .thread T_1;
    .scope S_0x5653d75463a0;
T_2 ;
    %vpi_call 2 15 "$dumpvars", 32'sb00000000000000000000000000000000, S_0x5653d75463a0 {0 0 0};
    %vpi_call 2 16 "$dumpfile", "my.vcd" {0 0 0};
    %pushi/vec4 0, 0, 1;
    %store/vec4 v0x5653d7564350_0, 0, 1;
T_2.0 ;
    %delay 5, 0;
    %load/vec4 v0x5653d7564350_0;
    %inv;
    %store/vec4 v0x5653d7564350_0, 0, 1;
    %jmp T_2.0;
    %end;
    .thread T_2;
    .scope S_0x5653d75463a0;
T_3 ;
    %pushi/vec4 1, 0, 1;
    %store/vec4 v0x5653d7564440_0, 0, 1;
    %pushi/vec4 5, 0, 32;
    %store/vec4 v0x5653d75640e0_0, 0, 32;
    %pushi/vec4 0, 0, 8;
    %store/vec4 v0x5653d7564020_0, 0, 8;
    %delay 5, 0;
    %fork TD_testbench_MEMORY.display, S_0x5653d7563e70;
    %join;
    %pushi/vec4 0, 0, 1;
    %store/vec4 v0x5653d7564440_0, 0, 1;
    %pushi/vec4 1, 0, 1;
    %store/vec4 v0x5653d7564280_0, 0, 1;
    %pushi/vec4 1, 0, 1;
    %store/vec4 v0x5653d7564510_0, 0, 1;
    %pushi/vec4 5, 0, 32;
    %store/vec4 v0x5653d75640e0_0, 0, 32;
    %pushi/vec4 0, 0, 8;
    %store/vec4 v0x5653d7564020_0, 0, 8;
    %delay 5, 0;
    %fork TD_testbench_MEMORY.display, S_0x5653d7563e70;
    %join;
    %pushi/vec4 1, 0, 1;
    %store/vec4 v0x5653d7564510_0, 0, 1;
    %pushi/vec4 5, 0, 32;
    %store/vec4 v0x5653d75640e0_0, 0, 32;
    %pushi/vec4 0, 0, 8;
    %store/vec4 v0x5653d7564020_0, 0, 8;
    %delay 5, 0;
    %fork TD_testbench_MEMORY.display, S_0x5653d7563e70;
    %join;
    %pushi/vec4 0, 0, 1;
    %store/vec4 v0x5653d7564510_0, 0, 1;
    %pushi/vec4 5, 0, 32;
    %store/vec4 v0x5653d75640e0_0, 0, 32;
    %pushi/vec4 0, 0, 8;
    %store/vec4 v0x5653d7564020_0, 0, 8;
    %delay 5, 0;
    %fork TD_testbench_MEMORY.display, S_0x5653d7563e70;
    %join;
    %pushi/vec4 1, 0, 1;
    %store/vec4 v0x5653d7564510_0, 0, 1;
    %pushi/vec4 5, 0, 32;
    %store/vec4 v0x5653d75640e0_0, 0, 32;
    %pushi/vec4 0, 0, 8;
    %store/vec4 v0x5653d7564020_0, 0, 8;
    %delay 5, 0;
    %fork TD_testbench_MEMORY.display, S_0x5653d7563e70;
    %join;
    %pushi/vec4 0, 0, 1;
    %store/vec4 v0x5653d7564280_0, 0, 1;
    %pushi/vec4 1, 0, 1;
    %store/vec4 v0x5653d7564510_0, 0, 1;
    %pushi/vec4 5, 0, 32;
    %store/vec4 v0x5653d75640e0_0, 0, 32;
    %pushi/vec4 0, 0, 8;
    %store/vec4 v0x5653d7564020_0, 0, 8;
    %delay 5, 0;
    %fork TD_testbench_MEMORY.display, S_0x5653d7563e70;
    %join;
    %pushi/vec4 1, 0, 1;
    %store/vec4 v0x5653d7564280_0, 0, 1;
    %pushi/vec4 1, 0, 1;
    %store/vec4 v0x5653d7564510_0, 0, 1;
    %pushi/vec4 3840, 0, 32;
    %store/vec4 v0x5653d75640e0_0, 0, 32;
    %pushi/vec4 44, 0, 8;
    %store/vec4 v0x5653d7564020_0, 0, 8;
    %delay 5, 0;
    %fork TD_testbench_MEMORY.display, S_0x5653d7563e70;
    %join;
    %pushi/vec4 0, 0, 1;
    %store/vec4 v0x5653d7564510_0, 0, 1;
    %pushi/vec4 3840, 0, 32;
    %store/vec4 v0x5653d75640e0_0, 0, 32;
    %pushi/vec4 44, 0, 8;
    %store/vec4 v0x5653d7564020_0, 0, 8;
    %delay 5, 0;
    %fork TD_testbench_MEMORY.display, S_0x5653d7563e70;
    %join;
    %pushi/vec4 1, 0, 1;
    %store/vec4 v0x5653d7564510_0, 0, 1;
    %pushi/vec4 3840, 0, 32;
    %store/vec4 v0x5653d75640e0_0, 0, 32;
    %pushi/vec4 44, 0, 8;
    %store/vec4 v0x5653d7564020_0, 0, 8;
    %delay 13, 0;
    %fork TD_testbench_MEMORY.display, S_0x5653d7563e70;
    %join;
    %pushi/vec4 0, 0, 1;
    %store/vec4 v0x5653d7564510_0, 0, 1;
    %pushi/vec4 3840, 0, 32;
    %store/vec4 v0x5653d75640e0_0, 0, 32;
    %pushi/vec4 44, 0, 8;
    %store/vec4 v0x5653d7564020_0, 0, 8;
    %delay 5, 0;
    %fork TD_testbench_MEMORY.display, S_0x5653d7563e70;
    %join;
    %delay 270, 0;
    %vpi_call 2 93 "$finish" {0 0 0};
    %end;
    .thread T_3;
# The file index is used to find the file name in the following table.
:file_names 4;
    "N/A";
    "<interactive>";
    "tb_MEMORY.v";
    "MEMORY.v";
