#! /usr/bin/vvp
:ivl_version "11.0 (stable)" "(v11_0)";
:ivl_delay_selection "TYPICAL";
:vpi_time_precision + 0;
:vpi_module "/usr/lib/ivl/system.vpi";
:vpi_module "/usr/lib/ivl/vhdl_sys.vpi";
:vpi_module "/usr/lib/ivl/vhdl_textio.vpi";
:vpi_module "/usr/lib/ivl/v2005_math.vpi";
:vpi_module "/usr/lib/ivl/va_math.vpi";
S_0x5627d0ced0e0 .scope module, "tb_DIV_FREQ" "tb_DIV_FREQ" 2 1;
 .timescale 0 0;
v0x5627d0d1b2c0_0 .var "Din", 31 0;
v0x5627d0d1b380_0 .var "clk", 0 0;
v0x5627d0d1b450_0 .net "clk_out", 0 0, v0x5627d0d1a9a0_0;  1 drivers
v0x5627d0d1b550_0 .var "conf_div", 0 0;
v0x5627d0d1b620_0 .var "ctrl_tr_dat", 0 0;
v0x5627d0d1b710_0 .var "reset", 0 0;
S_0x5627d0ced270 .scope module, "DUT" "DIV_FREQ" 2 10, 3 1 0, S_0x5627d0ced0e0;
 .timescale 0 0;
    .port_info 0 /INPUT 32 "Din";
    .port_info 1 /INPUT 1 "conf_div";
    .port_info 2 /INPUT 1 "enable";
    .port_info 3 /INPUT 1 "reset";
    .port_info 4 /INPUT 1 "clk";
    .port_info 5 /OUTPUT 1 "clk_out";
v0x5627d0cf4650_0 .net "Din", 31 0, v0x5627d0d1b2c0_0;  1 drivers
v0x5627d0d1a8e0_0 .net "clk", 0 0, v0x5627d0d1b380_0;  1 drivers
v0x5627d0d1a9a0_0 .var "clk_out", 0 0;
v0x5627d0d1aa40_0 .net "conf_div", 0 0, v0x5627d0d1b550_0;  1 drivers
v0x5627d0d1ab00_0 .var "count", 31 0;
v0x5627d0d1ac30_0 .net "enable", 0 0, v0x5627d0d1b620_0;  1 drivers
v0x5627d0d1acf0_0 .var "neg_count", 31 0;
v0x5627d0d1add0_0 .var "pos_count", 31 0;
v0x5627d0d1aeb0_0 .net "reset", 0 0, v0x5627d0d1b710_0;  1 drivers
v0x5627d0d1af70_0 .var "t", 31 0;
E_0x5627d0cf5eb0 .event edge, v0x5627d0d1acf0_0, v0x5627d0d1add0_0;
E_0x5627d0cf5a00/0 .event negedge, v0x5627d0d1a8e0_0;
E_0x5627d0cf5a00/1 .event posedge, v0x5627d0d1aeb0_0;
E_0x5627d0cf5a00 .event/or E_0x5627d0cf5a00/0, E_0x5627d0cf5a00/1;
E_0x5627d0cd8fe0 .event posedge, v0x5627d0d1aeb0_0, v0x5627d0d1a8e0_0;
S_0x5627d0d1b110 .scope task, "display" "display" 2 99, 2 99 0, S_0x5627d0ced0e0;
 .timescale 0 0;
TD_tb_DIV_FREQ.display ;
    %vpi_call 2 100 "$display", "r = %0h, clk = %0h, clk_out = %0h, Din = %0h, conf_div = %0h, ctrl_tr_dat = %0h, ", v0x5627d0d1b710_0, v0x5627d0d1b380_0, v0x5627d0d1b450_0, v0x5627d0d1b2c0_0, v0x5627d0d1b550_0, v0x5627d0d1b620_0 {0 0 0};
    %end;
    .scope S_0x5627d0ced270;
T_1 ;
    %pushi/vec4 1, 0, 32;
    %store/vec4 v0x5627d0d1af70_0, 0, 32;
    %pushi/vec4 0, 0, 32;
    %store/vec4 v0x5627d0d1ab00_0, 0, 32;
    %pushi/vec4 0, 0, 32;
    %store/vec4 v0x5627d0d1add0_0, 0, 32;
    %pushi/vec4 0, 0, 32;
    %store/vec4 v0x5627d0d1acf0_0, 0, 32;
    %end;
    .thread T_1;
    .scope S_0x5627d0ced270;
T_2 ;
    %wait E_0x5627d0cd8fe0;
    %load/vec4 v0x5627d0d1aeb0_0;
    %flag_set/vec4 8;
    %jmp/0xz  T_2.0, 8;
    %pushi/vec4 1, 0, 32;
    %assign/vec4 v0x5627d0d1af70_0, 0;
    %load/vec4 v0x5627d0d1a8e0_0;
    %assign/vec4 v0x5627d0d1a9a0_0, 0;
    %pushi/vec4 0, 0, 32;
    %assign/vec4 v0x5627d0d1add0_0, 0;
    %jmp T_2.1;
T_2.0 ;
    %load/vec4 v0x5627d0d1ac30_0;
    %nor/r;
    %flag_set/vec4 8;
    %jmp/0xz  T_2.2, 8;
    %pushi/vec4 0, 0, 1;
    %assign/vec4 v0x5627d0d1a9a0_0, 0;
    %load/vec4 v0x5627d0d1add0_0;
    %load/vec4 v0x5627d0d1af70_0;
    %subi 1, 0, 32;
    %cmp/e;
    %jmp/0xz  T_2.4, 4;
    %pushi/vec4 0, 0, 32;
    %assign/vec4 v0x5627d0d1add0_0, 0;
    %jmp T_2.5;
T_2.4 ;
    %load/vec4 v0x5627d0d1add0_0;
    %addi 1, 0, 32;
    %assign/vec4 v0x5627d0d1add0_0, 0;
T_2.5 ;
    %load/vec4 v0x5627d0d1aa40_0;
    %nor/r;
    %flag_set/vec4 8;
    %jmp/0xz  T_2.6, 8;
    %load/vec4 v0x5627d0d1af70_0;
    %cmpi/e 1, 0, 32;
    %jmp/0xz  T_2.8, 4;
    %load/vec4 v0x5627d0d1a8e0_0;
    %assign/vec4 v0x5627d0d1a9a0_0, 0;
T_2.8 ;
    %load/vec4 v0x5627d0d1af70_0;
    %load/vec4 v0x5627d0d1af70_0;
    %pushi/vec4 2, 0, 32;
    %div;
    %muli 2, 0, 32;
    %cmp/e;
    %jmp/0xz  T_2.10, 4;
    %load/vec4 v0x5627d0d1ab00_0;
    %addi 1, 0, 32;
    %assign/vec4 v0x5627d0d1ab00_0, 0;
    %load/vec4 v0x5627d0d1af70_0;
    %subi 1, 0, 32;
    %load/vec4 v0x5627d0d1ab00_0;
    %cmp/u;
    %flag_or 5, 4;
    %jmp/0xz  T_2.12, 5;
    %pushi/vec4 0, 0, 32;
    %assign/vec4 v0x5627d0d1ab00_0, 0;
T_2.12 ;
    %load/vec4 v0x5627d0d1ab00_0;
    %load/vec4 v0x5627d0d1af70_0;
    %pushi/vec4 2, 0, 32;
    %div;
    %cmp/u;
    %flag_mov 8, 5;
    %jmp/0 T_2.14, 8;
    %pushi/vec4 1, 0, 1;
    %jmp/1 T_2.15, 8;
T_2.14 ; End of true expr.
    %pushi/vec4 0, 0, 1;
    %jmp/0 T_2.15, 8;
 ; End of false expr.
    %blend;
T_2.15;
    %assign/vec4 v0x5627d0d1a9a0_0, 0;
T_2.10 ;
    %jmp T_2.7;
T_2.6 ;
    %load/vec4 v0x5627d0cf4650_0;
    %assign/vec4 v0x5627d0d1af70_0, 0;
T_2.7 ;
    %jmp T_2.3;
T_2.2 ;
    %load/vec4 v0x5627d0d1add0_0;
    %load/vec4 v0x5627d0cf4650_0;
    %subi 1, 0, 32;
    %cmp/e;
    %jmp/0xz  T_2.16, 4;
    %pushi/vec4 0, 0, 32;
    %assign/vec4 v0x5627d0d1add0_0, 0;
    %jmp T_2.17;
T_2.16 ;
    %load/vec4 v0x5627d0d1add0_0;
    %addi 1, 0, 32;
    %assign/vec4 v0x5627d0d1add0_0, 0;
T_2.17 ;
    %load/vec4 v0x5627d0cf4650_0;
    %cmpi/e 1, 0, 32;
    %jmp/0xz  T_2.18, 4;
    %load/vec4 v0x5627d0d1a8e0_0;
    %assign/vec4 v0x5627d0d1a9a0_0, 0;
T_2.18 ;
    %load/vec4 v0x5627d0cf4650_0;
    %load/vec4 v0x5627d0cf4650_0;
    %pushi/vec4 2, 0, 32;
    %div;
    %muli 2, 0, 32;
    %cmp/e;
    %jmp/0xz  T_2.20, 4;
    %load/vec4 v0x5627d0d1ab00_0;
    %addi 1, 0, 32;
    %assign/vec4 v0x5627d0d1ab00_0, 0;
    %load/vec4 v0x5627d0cf4650_0;
    %subi 1, 0, 32;
    %load/vec4 v0x5627d0d1ab00_0;
    %cmp/u;
    %flag_or 5, 4;
    %jmp/0xz  T_2.22, 5;
    %pushi/vec4 0, 0, 32;
    %assign/vec4 v0x5627d0d1ab00_0, 0;
T_2.22 ;
    %load/vec4 v0x5627d0d1ab00_0;
    %load/vec4 v0x5627d0cf4650_0;
    %pushi/vec4 2, 0, 32;
    %div;
    %cmp/u;
    %flag_mov 8, 5;
    %jmp/0 T_2.24, 8;
    %pushi/vec4 1, 0, 1;
    %jmp/1 T_2.25, 8;
T_2.24 ; End of true expr.
    %pushi/vec4 0, 0, 1;
    %jmp/0 T_2.25, 8;
 ; End of false expr.
    %blend;
T_2.25;
    %assign/vec4 v0x5627d0d1a9a0_0, 0;
T_2.20 ;
T_2.3 ;
T_2.1 ;
    %jmp T_2;
    .thread T_2;
    .scope S_0x5627d0ced270;
T_3 ;
    %wait E_0x5627d0cf5a00;
    %load/vec4 v0x5627d0d1aeb0_0;
    %flag_set/vec4 8;
    %jmp/0xz  T_3.0, 8;
    %pushi/vec4 1, 0, 32;
    %assign/vec4 v0x5627d0d1af70_0, 0;
    %load/vec4 v0x5627d0d1a8e0_0;
    %assign/vec4 v0x5627d0d1a9a0_0, 0;
    %pushi/vec4 0, 0, 32;
    %assign/vec4 v0x5627d0d1acf0_0, 0;
    %jmp T_3.1;
T_3.0 ;
    %load/vec4 v0x5627d0cf4650_0;
    %cmpi/e 1, 0, 32;
    %jmp/0xz  T_3.2, 4;
    %load/vec4 v0x5627d0d1a8e0_0;
    %assign/vec4 v0x5627d0d1a9a0_0, 0;
T_3.2 ;
    %load/vec4 v0x5627d0d1af70_0;
    %cmpi/e 1, 0, 32;
    %jmp/0xz  T_3.4, 4;
    %load/vec4 v0x5627d0d1a8e0_0;
    %assign/vec4 v0x5627d0d1a9a0_0, 0;
T_3.4 ;
    %load/vec4 v0x5627d0d1ac30_0;
    %nor/r;
    %load/vec4 v0x5627d0d1acf0_0;
    %load/vec4 v0x5627d0d1af70_0;
    %subi 1, 0, 32;
    %cmp/e;
    %flag_get/vec4 4;
    %and;
    %flag_set/vec4 8;
    %jmp/0xz  T_3.6, 8;
    %pushi/vec4 0, 0, 32;
    %assign/vec4 v0x5627d0d1acf0_0, 0;
    %jmp T_3.7;
T_3.6 ;
    %load/vec4 v0x5627d0d1ac30_0;
    %nor/r;
    %flag_set/vec4 8;
    %jmp/0xz  T_3.8, 8;
    %load/vec4 v0x5627d0d1acf0_0;
    %addi 1, 0, 32;
    %assign/vec4 v0x5627d0d1acf0_0, 0;
T_3.8 ;
T_3.7 ;
    %load/vec4 v0x5627d0d1ac30_0;
    %load/vec4 v0x5627d0d1acf0_0;
    %load/vec4 v0x5627d0cf4650_0;
    %subi 1, 0, 32;
    %cmp/e;
    %flag_get/vec4 4;
    %and;
    %flag_set/vec4 8;
    %jmp/0xz  T_3.10, 8;
    %pushi/vec4 0, 0, 32;
    %assign/vec4 v0x5627d0d1acf0_0, 0;
    %jmp T_3.11;
T_3.10 ;
    %load/vec4 v0x5627d0d1ac30_0;
    %flag_set/vec4 8;
    %jmp/0xz  T_3.12, 8;
    %load/vec4 v0x5627d0d1acf0_0;
    %addi 1, 0, 32;
    %assign/vec4 v0x5627d0d1acf0_0, 0;
T_3.12 ;
T_3.11 ;
T_3.1 ;
    %jmp T_3;
    .thread T_3;
    .scope S_0x5627d0ced270;
T_4 ;
    %wait E_0x5627d0cf5eb0;
    %load/vec4 v0x5627d0d1aeb0_0;
    %nor/r;
    %flag_set/vec4 8;
    %jmp/0xz  T_4.0, 8;
    %load/vec4 v0x5627d0d1ac30_0;
    %nor/r;
    %flag_set/vec4 8;
    %jmp/0xz  T_4.2, 8;
    %load/vec4 v0x5627d0d1af70_0;
    %load/vec4 v0x5627d0d1af70_0;
    %pushi/vec4 2, 0, 32;
    %div;
    %muli 2, 0, 32;
    %cmp/ne;
    %jmp/0xz  T_4.4, 4;
    %load/vec4 v0x5627d0d1af70_0;
    %ix/load 4, 1, 0;
    %flag_set/imm 4, 0;
    %shiftr 4;
    %load/vec4 v0x5627d0d1add0_0;
    %cmp/u;
    %flag_get/vec4 5;
    %load/vec4 v0x5627d0d1af70_0;
    %ix/load 4, 1, 0;
    %flag_set/imm 4, 0;
    %shiftr 4;
    %load/vec4 v0x5627d0d1acf0_0;
    %cmp/u;
    %flag_get/vec4 5;
    %or;
    %assign/vec4 v0x5627d0d1a9a0_0, 0;
T_4.4 ;
T_4.2 ;
    %load/vec4 v0x5627d0d1ac30_0;
    %flag_set/vec4 8;
    %jmp/0xz  T_4.6, 8;
    %load/vec4 v0x5627d0cf4650_0;
    %load/vec4 v0x5627d0cf4650_0;
    %pushi/vec4 2, 0, 32;
    %div;
    %muli 2, 0, 32;
    %cmp/ne;
    %jmp/0xz  T_4.8, 4;
    %load/vec4 v0x5627d0cf4650_0;
    %ix/load 4, 1, 0;
    %flag_set/imm 4, 0;
    %shiftr 4;
    %load/vec4 v0x5627d0d1add0_0;
    %cmp/u;
    %flag_get/vec4 5;
    %load/vec4 v0x5627d0cf4650_0;
    %ix/load 4, 1, 0;
    %flag_set/imm 4, 0;
    %shiftr 4;
    %load/vec4 v0x5627d0d1acf0_0;
    %cmp/u;
    %flag_get/vec4 5;
    %or;
    %assign/vec4 v0x5627d0d1a9a0_0, 0;
T_4.8 ;
T_4.6 ;
T_4.0 ;
    %jmp T_4;
    .thread T_4, $push;
    .scope S_0x5627d0ced0e0;
T_5 ;
    %vpi_call 2 14 "$dumpvars", 32'sb00000000000000000000000000000000, S_0x5627d0ced0e0 {0 0 0};
    %vpi_call 2 15 "$dumpfile", "my.vcd" {0 0 0};
    %pushi/vec4 0, 0, 1;
    %store/vec4 v0x5627d0d1b380_0, 0, 1;
T_5.0 ;
    %delay 5, 0;
    %load/vec4 v0x5627d0d1b380_0;
    %inv;
    %store/vec4 v0x5627d0d1b380_0, 0, 1;
    %jmp T_5.0;
    %end;
    .thread T_5;
    .scope S_0x5627d0ced0e0;
T_6 ;
    %pushi/vec4 1, 0, 1;
    %store/vec4 v0x5627d0d1b710_0, 0, 1;
    %delay 5, 0;
    %fork TD_tb_DIV_FREQ.display, S_0x5627d0d1b110;
    %join;
    %pushi/vec4 0, 0, 1;
    %store/vec4 v0x5627d0d1b710_0, 0, 1;
    %pushi/vec4 3, 0, 32;
    %store/vec4 v0x5627d0d1b2c0_0, 0, 32;
    %pushi/vec4 1, 0, 1;
    %store/vec4 v0x5627d0d1b620_0, 0, 1;
    %delay 5, 0;
    %fork TD_tb_DIV_FREQ.display, S_0x5627d0d1b110;
    %join;
    %delay 5, 0;
    %fork TD_tb_DIV_FREQ.display, S_0x5627d0d1b110;
    %join;
    %delay 5, 0;
    %fork TD_tb_DIV_FREQ.display, S_0x5627d0d1b110;
    %join;
    %delay 5, 0;
    %fork TD_tb_DIV_FREQ.display, S_0x5627d0d1b110;
    %join;
    %delay 5, 0;
    %fork TD_tb_DIV_FREQ.display, S_0x5627d0d1b110;
    %join;
    %delay 5, 0;
    %fork TD_tb_DIV_FREQ.display, S_0x5627d0d1b110;
    %join;
    %delay 5, 0;
    %fork TD_tb_DIV_FREQ.display, S_0x5627d0d1b110;
    %join;
    %delay 5, 0;
    %fork TD_tb_DIV_FREQ.display, S_0x5627d0d1b110;
    %join;
    %delay 5, 0;
    %fork TD_tb_DIV_FREQ.display, S_0x5627d0d1b110;
    %join;
    %delay 5, 0;
    %fork TD_tb_DIV_FREQ.display, S_0x5627d0d1b110;
    %join;
    %pushi/vec4 1, 0, 1;
    %store/vec4 v0x5627d0d1b710_0, 0, 1;
    %pushi/vec4 0, 0, 1;
    %store/vec4 v0x5627d0d1b620_0, 0, 1;
    %delay 5, 0;
    %fork TD_tb_DIV_FREQ.display, S_0x5627d0d1b110;
    %join;
    %pushi/vec4 0, 0, 1;
    %store/vec4 v0x5627d0d1b710_0, 0, 1;
    %pushi/vec4 2, 0, 32;
    %store/vec4 v0x5627d0d1b2c0_0, 0, 32;
    %pushi/vec4 1, 0, 1;
    %store/vec4 v0x5627d0d1b550_0, 0, 1;
    %delay 5, 0;
    %fork TD_tb_DIV_FREQ.display, S_0x5627d0d1b110;
    %join;
    %delay 5, 0;
    %pushi/vec4 0, 0, 1;
    %store/vec4 v0x5627d0d1b550_0, 0, 1;
    %pushi/vec4 3, 0, 32;
    %store/vec4 v0x5627d0d1b2c0_0, 0, 32;
    %fork TD_tb_DIV_FREQ.display, S_0x5627d0d1b110;
    %join;
    %delay 5, 0;
    %fork TD_tb_DIV_FREQ.display, S_0x5627d0d1b110;
    %join;
    %delay 5, 0;
    %fork TD_tb_DIV_FREQ.display, S_0x5627d0d1b110;
    %join;
    %delay 5, 0;
    %fork TD_tb_DIV_FREQ.display, S_0x5627d0d1b110;
    %join;
    %delay 5, 0;
    %fork TD_tb_DIV_FREQ.display, S_0x5627d0d1b110;
    %join;
    %delay 5, 0;
    %fork TD_tb_DIV_FREQ.display, S_0x5627d0d1b110;
    %join;
    %delay 5, 0;
    %fork TD_tb_DIV_FREQ.display, S_0x5627d0d1b110;
    %join;
    %delay 5, 0;
    %fork TD_tb_DIV_FREQ.display, S_0x5627d0d1b110;
    %join;
    %delay 5, 0;
    %fork TD_tb_DIV_FREQ.display, S_0x5627d0d1b110;
    %join;
    %delay 5, 0;
    %fork TD_tb_DIV_FREQ.display, S_0x5627d0d1b110;
    %join;
    %delay 5, 0;
    %fork TD_tb_DIV_FREQ.display, S_0x5627d0d1b110;
    %join;
    %delay 5, 0;
    %fork TD_tb_DIV_FREQ.display, S_0x5627d0d1b110;
    %join;
    %delay 300, 0;
    %vpi_call 2 94 "$finish" {0 0 0};
    %end;
    .thread T_6;
# The file index is used to find the file name in the following table.
:file_names 4;
    "N/A";
    "<interactive>";
    "tb_DIV_FREQ.v";
    "DIV_FREQ.v";
