#! /usr/bin/vvp
:ivl_version "11.0 (stable)" "(v11_0)";
:ivl_delay_selection "TYPICAL";
:vpi_time_precision + 0;
:vpi_module "/usr/lib/ivl/system.vpi";
:vpi_module "/usr/lib/ivl/vhdl_sys.vpi";
:vpi_module "/usr/lib/ivl/vhdl_textio.vpi";
:vpi_module "/usr/lib/ivl/v2005_math.vpi";
:vpi_module "/usr/lib/ivl/va_math.vpi";
S_0x561f0d283720 .scope module, "testbench_M_ALU" "testbench_M_ALU" 2 1;
 .timescale 0 0;
v0x561f0d2a7400_0 .var "A", 7 0;
v0x561f0d2a74c0_0 .net "ALU_OUT_TMP", 7 0, v0x561f0d2440a0_0;  1 drivers
v0x561f0d2a7590_0 .var "B", 7 0;
v0x561f0d2a7690_0 .net "FLAG_TMP", 3 0, v0x561f0d2a6bc0_0;  1 drivers
v0x561f0d2a7760_0 .var "SEL_TMP", 3 0;
S_0x561f0d2838b0 .scope module, "DUT" "M_ALU" 2 12, 3 1 0, S_0x561f0d283720;
 .timescale 0 0;
    .port_info 0 /INPUT 8 "A";
    .port_info 1 /INPUT 8 "B";
    .port_info 2 /INPUT 4 "SEL_TMP";
    .port_info 3 /OUTPUT 8 "ALU_OUT_TMP";
    .port_info 4 /OUTPUT 4 "FLAG_TMP";
v0x561f0d243100_0 .net "A", 7 0, v0x561f0d2a7400_0;  1 drivers
v0x561f0d2440a0_0 .var "ALU_OUT_TMP", 7 0;
v0x561f0d243e40_0 .net "B", 7 0, v0x561f0d2a7590_0;  1 drivers
v0x561f0d2a6bc0_0 .var "FLAG_TMP", 3 0;
v0x561f0d2a6ca0_0 .net "SEL_TMP", 3 0, v0x561f0d2a7760_0;  1 drivers
v0x561f0d2a6dd0_0 .var "cf", 0 0;
v0x561f0d2a6e90_0 .var "neg", 7 0;
v0x561f0d2a6f70_0 .var "of", 0 0;
v0x561f0d2a7030_0 .var "uf", 0 0;
v0x561f0d2a70f0_0 .var "zf", 0 0;
E_0x561f0d27c390/0 .event edge, v0x561f0d2a6ca0_0, v0x561f0d243100_0, v0x561f0d243e40_0, v0x561f0d2a6e90_0;
E_0x561f0d27c390/1 .event edge, v0x561f0d2440a0_0, v0x561f0d2a7030_0, v0x561f0d2a6f70_0, v0x561f0d2a6dd0_0;
E_0x561f0d27c390/2 .event edge, v0x561f0d2a70f0_0;
E_0x561f0d27c390 .event/or E_0x561f0d27c390/0, E_0x561f0d27c390/1, E_0x561f0d27c390/2;
S_0x561f0d2a7250 .scope task, "display" "display" 2 222, 2 222 0, S_0x561f0d283720;
 .timescale 0 0;
TD_testbench_M_ALU.display ;
    %vpi_call 2 223 "$display", "A:%b, B:%b, SEL_TMP:%h, ALU_OUT_TMP:%b, FLAG_TMP:%b", v0x561f0d2a7400_0, v0x561f0d2a7590_0, v0x561f0d2a7760_0, v0x561f0d2a74c0_0, v0x561f0d2a7690_0 {0 0 0};
    %end;
    .scope S_0x561f0d2838b0;
T_1 ;
    %pushi/vec4 0, 0, 1;
    %store/vec4 v0x561f0d2a70f0_0, 0, 1;
    %pushi/vec4 0, 0, 1;
    %store/vec4 v0x561f0d2a6dd0_0, 0, 1;
    %pushi/vec4 0, 0, 1;
    %store/vec4 v0x561f0d2a6f70_0, 0, 1;
    %pushi/vec4 0, 0, 1;
    %store/vec4 v0x561f0d2a7030_0, 0, 1;
    %end;
    .thread T_1;
    .scope S_0x561f0d2838b0;
T_2 ;
    %wait E_0x561f0d27c390;
    %pushi/vec4 0, 0, 1;
    %store/vec4 v0x561f0d2a70f0_0, 0, 1;
    %pushi/vec4 0, 0, 1;
    %store/vec4 v0x561f0d2a6dd0_0, 0, 1;
    %pushi/vec4 0, 0, 1;
    %store/vec4 v0x561f0d2a6f70_0, 0, 1;
    %pushi/vec4 0, 0, 1;
    %store/vec4 v0x561f0d2a7030_0, 0, 1;
    %load/vec4 v0x561f0d2a6ca0_0;
    %dup/vec4;
    %pushi/vec4 0, 0, 4;
    %cmp/u;
    %jmp/1 T_2.0, 6;
    %dup/vec4;
    %pushi/vec4 1, 0, 4;
    %cmp/u;
    %jmp/1 T_2.1, 6;
    %dup/vec4;
    %pushi/vec4 2, 0, 4;
    %cmp/u;
    %jmp/1 T_2.2, 6;
    %dup/vec4;
    %pushi/vec4 3, 0, 4;
    %cmp/u;
    %jmp/1 T_2.3, 6;
    %dup/vec4;
    %pushi/vec4 4, 0, 4;
    %cmp/u;
    %jmp/1 T_2.4, 6;
    %dup/vec4;
    %pushi/vec4 5, 0, 4;
    %cmp/u;
    %jmp/1 T_2.5, 6;
    %dup/vec4;
    %pushi/vec4 6, 0, 4;
    %cmp/u;
    %jmp/1 T_2.6, 6;
    %dup/vec4;
    %pushi/vec4 7, 0, 4;
    %cmp/u;
    %jmp/1 T_2.7, 6;
    %dup/vec4;
    %pushi/vec4 8, 0, 4;
    %cmp/u;
    %jmp/1 T_2.8, 6;
    %dup/vec4;
    %pushi/vec4 9, 0, 4;
    %cmp/u;
    %jmp/1 T_2.9, 6;
    %dup/vec4;
    %pushi/vec4 10, 0, 4;
    %cmp/u;
    %jmp/1 T_2.10, 6;
    %dup/vec4;
    %pushi/vec4 11, 0, 4;
    %cmp/u;
    %jmp/1 T_2.11, 6;
    %pushi/vec4 0, 0, 8;
    %store/vec4 v0x561f0d2440a0_0, 0, 8;
    %pushi/vec4 0, 0, 4;
    %store/vec4 v0x561f0d2a6bc0_0, 0, 4;
    %jmp T_2.13;
T_2.0 ;
    %load/vec4 v0x561f0d243100_0;
    %pad/u 9;
    %load/vec4 v0x561f0d243e40_0;
    %pad/u 9;
    %add;
    %split/vec4 8;
    %store/vec4 v0x561f0d2440a0_0, 0, 8;
    %store/vec4 v0x561f0d2a6dd0_0, 0, 1;
    %jmp T_2.13;
T_2.1 ;
    %load/vec4 v0x561f0d243100_0;
    %load/vec4 v0x561f0d243e40_0;
    %cmp/u;
    %jmp/0xz  T_2.14, 5;
    %pushi/vec4 1, 0, 1;
    %store/vec4 v0x561f0d2a7030_0, 0, 1;
T_2.14 ;
    %load/vec4 v0x561f0d243e40_0;
    %inv;
    %addi 1, 0, 8;
    %store/vec4 v0x561f0d2a6e90_0, 0, 8;
    %load/vec4 v0x561f0d243100_0;
    %load/vec4 v0x561f0d2a6e90_0;
    %add;
    %store/vec4 v0x561f0d2440a0_0, 0, 8;
    %jmp T_2.13;
T_2.2 ;
    %pushi/vec4 15, 0, 8;
    %load/vec4 v0x561f0d243100_0;
    %cmp/u;
    %flag_get/vec4 5;
    %pushi/vec4 15, 0, 8;
    %load/vec4 v0x561f0d243e40_0;
    %cmp/u;
    %flag_get/vec4 5;
    %and;
    %flag_set/vec4 8;
    %jmp/0xz  T_2.16, 8;
    %pushi/vec4 1, 0, 1;
    %store/vec4 v0x561f0d2a6f70_0, 0, 1;
T_2.16 ;
    %load/vec4 v0x561f0d243100_0;
    %load/vec4 v0x561f0d243e40_0;
    %mul;
    %store/vec4 v0x561f0d2440a0_0, 0, 8;
    %jmp T_2.13;
T_2.3 ;
    %load/vec4 v0x561f0d243100_0;
    %load/vec4 v0x561f0d243e40_0;
    %cmp/u;
    %jmp/0xz  T_2.18, 5;
    %pushi/vec4 1, 0, 1;
    %store/vec4 v0x561f0d2a7030_0, 0, 1;
T_2.18 ;
    %load/vec4 v0x561f0d243100_0;
    %load/vec4 v0x561f0d243e40_0;
    %div;
    %store/vec4 v0x561f0d2440a0_0, 0, 8;
    %jmp T_2.13;
T_2.4 ;
    %load/vec4 v0x561f0d243100_0;
    %pad/u 9;
    %ix/getv 4, v0x561f0d243e40_0;
    %shiftl 4;
    %split/vec4 8;
    %store/vec4 v0x561f0d2440a0_0, 0, 8;
    %store/vec4 v0x561f0d2a6dd0_0, 0, 1;
    %jmp T_2.13;
T_2.5 ;
    %load/vec4 v0x561f0d243100_0;
    %pad/u 9;
    %ix/getv 4, v0x561f0d243e40_0;
    %shiftr 4;
    %split/vec4 1;
    %store/vec4 v0x561f0d2a6dd0_0, 0, 1;
    %store/vec4 v0x561f0d2440a0_0, 0, 8;
    %jmp T_2.13;
T_2.6 ;
    %load/vec4 v0x561f0d243100_0;
    %load/vec4 v0x561f0d243e40_0;
    %and;
    %store/vec4 v0x561f0d2440a0_0, 0, 8;
    %jmp T_2.13;
T_2.7 ;
    %load/vec4 v0x561f0d243100_0;
    %load/vec4 v0x561f0d243e40_0;
    %or;
    %store/vec4 v0x561f0d2440a0_0, 0, 8;
    %jmp T_2.13;
T_2.8 ;
    %load/vec4 v0x561f0d243100_0;
    %load/vec4 v0x561f0d243e40_0;
    %xor;
    %store/vec4 v0x561f0d2440a0_0, 0, 8;
    %jmp T_2.13;
T_2.9 ;
    %load/vec4 v0x561f0d243100_0;
    %load/vec4 v0x561f0d243e40_0;
    %xnor;
    %store/vec4 v0x561f0d2440a0_0, 0, 8;
    %jmp T_2.13;
T_2.10 ;
    %load/vec4 v0x561f0d243100_0;
    %load/vec4 v0x561f0d243e40_0;
    %nand;
    %store/vec4 v0x561f0d2440a0_0, 0, 8;
    %jmp T_2.13;
T_2.11 ;
    %load/vec4 v0x561f0d243100_0;
    %load/vec4 v0x561f0d243e40_0;
    %nor;
    %store/vec4 v0x561f0d2440a0_0, 0, 8;
    %jmp T_2.13;
T_2.13 ;
    %pop/vec4 1;
    %load/vec4 v0x561f0d2440a0_0;
    %pad/u 32;
    %pushi/vec4 0, 0, 32;
    %cmp/e;
    %flag_get/vec4 4;
    %load/vec4 v0x561f0d2a6ca0_0;
    %cmpi/u 11, 0, 4;
    %flag_get/vec4 4;
    %flag_get/vec4 5;
    %or;
    %and;
    %flag_set/vec4 8;
    %jmp/0xz  T_2.20, 8;
    %pushi/vec4 1, 0, 1;
    %store/vec4 v0x561f0d2a70f0_0, 0, 1;
T_2.20 ;
    %load/vec4 v0x561f0d2a7030_0;
    %load/vec4 v0x561f0d2a6f70_0;
    %concat/vec4; draw_concat_vec4
    %load/vec4 v0x561f0d2a6dd0_0;
    %concat/vec4; draw_concat_vec4
    %load/vec4 v0x561f0d2a70f0_0;
    %concat/vec4; draw_concat_vec4
    %store/vec4 v0x561f0d2a6bc0_0, 0, 4;
    %jmp T_2;
    .thread T_2, $push;
    .scope S_0x561f0d283720;
T_3 ;
    %vpi_call 2 22 "$dumpfile", "dump.vcd" {0 0 0};
    %vpi_call 2 23 "$dumpvars", 32'sb00000000000000000000000000000001 {0 0 0};
    %delay 1, 0;
    %pushi/vec4 0, 0, 4;
    %store/vec4 v0x561f0d2a7760_0, 0, 4;
    %pushi/vec4 43, 0, 8;
    %store/vec4 v0x561f0d2a7400_0, 0, 8;
    %pushi/vec4 4, 0, 8;
    %store/vec4 v0x561f0d2a7590_0, 0, 8;
    %delay 1, 0;
    %fork TD_testbench_M_ALU.display, S_0x561f0d2a7250;
    %join;
    %pushi/vec4 0, 0, 4;
    %store/vec4 v0x561f0d2a7760_0, 0, 4;
    %pushi/vec4 171, 0, 8;
    %store/vec4 v0x561f0d2a7400_0, 0, 8;
    %pushi/vec4 132, 0, 8;
    %store/vec4 v0x561f0d2a7590_0, 0, 8;
    %delay 1, 0;
    %fork TD_testbench_M_ALU.display, S_0x561f0d2a7250;
    %join;
    %pushi/vec4 1, 0, 4;
    %store/vec4 v0x561f0d2a7760_0, 0, 4;
    %pushi/vec4 43, 0, 8;
    %store/vec4 v0x561f0d2a7400_0, 0, 8;
    %pushi/vec4 4, 0, 8;
    %store/vec4 v0x561f0d2a7590_0, 0, 8;
    %delay 1, 0;
    %fork TD_testbench_M_ALU.display, S_0x561f0d2a7250;
    %join;
    %pushi/vec4 1, 0, 4;
    %store/vec4 v0x561f0d2a7760_0, 0, 4;
    %pushi/vec4 43, 0, 8;
    %store/vec4 v0x561f0d2a7590_0, 0, 8;
    %pushi/vec4 4, 0, 8;
    %store/vec4 v0x561f0d2a7400_0, 0, 8;
    %delay 1, 0;
    %fork TD_testbench_M_ALU.display, S_0x561f0d2a7250;
    %join;
    %pushi/vec4 2, 0, 4;
    %store/vec4 v0x561f0d2a7760_0, 0, 4;
    %pushi/vec4 43, 0, 8;
    %store/vec4 v0x561f0d2a7400_0, 0, 8;
    %pushi/vec4 4, 0, 8;
    %store/vec4 v0x561f0d2a7590_0, 0, 8;
    %delay 1, 0;
    %fork TD_testbench_M_ALU.display, S_0x561f0d2a7250;
    %join;
    %pushi/vec4 2, 0, 4;
    %store/vec4 v0x561f0d2a7760_0, 0, 4;
    %pushi/vec4 171, 0, 8;
    %store/vec4 v0x561f0d2a7400_0, 0, 8;
    %pushi/vec4 132, 0, 8;
    %store/vec4 v0x561f0d2a7590_0, 0, 8;
    %delay 1, 0;
    %fork TD_testbench_M_ALU.display, S_0x561f0d2a7250;
    %join;
    %pushi/vec4 3, 0, 4;
    %store/vec4 v0x561f0d2a7760_0, 0, 4;
    %pushi/vec4 43, 0, 8;
    %store/vec4 v0x561f0d2a7400_0, 0, 8;
    %pushi/vec4 4, 0, 8;
    %store/vec4 v0x561f0d2a7590_0, 0, 8;
    %delay 1, 0;
    %fork TD_testbench_M_ALU.display, S_0x561f0d2a7250;
    %join;
    %pushi/vec4 3, 0, 4;
    %store/vec4 v0x561f0d2a7760_0, 0, 4;
    %pushi/vec4 43, 0, 8;
    %store/vec4 v0x561f0d2a7590_0, 0, 8;
    %pushi/vec4 4, 0, 8;
    %store/vec4 v0x561f0d2a7400_0, 0, 8;
    %delay 1, 0;
    %fork TD_testbench_M_ALU.display, S_0x561f0d2a7250;
    %join;
    %pushi/vec4 4, 0, 4;
    %store/vec4 v0x561f0d2a7760_0, 0, 4;
    %pushi/vec4 43, 0, 8;
    %store/vec4 v0x561f0d2a7400_0, 0, 8;
    %pushi/vec4 4, 0, 8;
    %store/vec4 v0x561f0d2a7590_0, 0, 8;
    %delay 1, 0;
    %fork TD_testbench_M_ALU.display, S_0x561f0d2a7250;
    %join;
    %pushi/vec4 4, 0, 4;
    %store/vec4 v0x561f0d2a7760_0, 0, 4;
    %pushi/vec4 43, 0, 8;
    %store/vec4 v0x561f0d2a7400_0, 0, 8;
    %pushi/vec4 3, 0, 8;
    %store/vec4 v0x561f0d2a7590_0, 0, 8;
    %delay 1, 0;
    %fork TD_testbench_M_ALU.display, S_0x561f0d2a7250;
    %join;
    %pushi/vec4 5, 0, 4;
    %store/vec4 v0x561f0d2a7760_0, 0, 4;
    %pushi/vec4 43, 0, 8;
    %store/vec4 v0x561f0d2a7400_0, 0, 8;
    %pushi/vec4 4, 0, 8;
    %store/vec4 v0x561f0d2a7590_0, 0, 8;
    %delay 1, 0;
    %fork TD_testbench_M_ALU.display, S_0x561f0d2a7250;
    %join;
    %pushi/vec4 5, 0, 4;
    %store/vec4 v0x561f0d2a7760_0, 0, 4;
    %pushi/vec4 43, 0, 8;
    %store/vec4 v0x561f0d2a7400_0, 0, 8;
    %pushi/vec4 132, 0, 8;
    %store/vec4 v0x561f0d2a7590_0, 0, 8;
    %delay 1, 0;
    %fork TD_testbench_M_ALU.display, S_0x561f0d2a7250;
    %join;
    %pushi/vec4 6, 0, 4;
    %store/vec4 v0x561f0d2a7760_0, 0, 4;
    %pushi/vec4 43, 0, 8;
    %store/vec4 v0x561f0d2a7400_0, 0, 8;
    %pushi/vec4 6, 0, 8;
    %store/vec4 v0x561f0d2a7590_0, 0, 8;
    %delay 1, 0;
    %fork TD_testbench_M_ALU.display, S_0x561f0d2a7250;
    %join;
    %pushi/vec4 7, 0, 4;
    %store/vec4 v0x561f0d2a7760_0, 0, 4;
    %pushi/vec4 43, 0, 8;
    %store/vec4 v0x561f0d2a7400_0, 0, 8;
    %pushi/vec4 4, 0, 8;
    %store/vec4 v0x561f0d2a7590_0, 0, 8;
    %delay 1, 0;
    %fork TD_testbench_M_ALU.display, S_0x561f0d2a7250;
    %join;
    %pushi/vec4 8, 0, 4;
    %store/vec4 v0x561f0d2a7760_0, 0, 4;
    %pushi/vec4 43, 0, 8;
    %store/vec4 v0x561f0d2a7400_0, 0, 8;
    %pushi/vec4 4, 0, 8;
    %store/vec4 v0x561f0d2a7590_0, 0, 8;
    %delay 1, 0;
    %fork TD_testbench_M_ALU.display, S_0x561f0d2a7250;
    %join;
    %pushi/vec4 9, 0, 4;
    %store/vec4 v0x561f0d2a7760_0, 0, 4;
    %pushi/vec4 43, 0, 8;
    %store/vec4 v0x561f0d2a7400_0, 0, 8;
    %pushi/vec4 4, 0, 8;
    %store/vec4 v0x561f0d2a7590_0, 0, 8;
    %delay 1, 0;
    %fork TD_testbench_M_ALU.display, S_0x561f0d2a7250;
    %join;
    %pushi/vec4 10, 0, 4;
    %store/vec4 v0x561f0d2a7760_0, 0, 4;
    %pushi/vec4 43, 0, 8;
    %store/vec4 v0x561f0d2a7400_0, 0, 8;
    %pushi/vec4 4, 0, 8;
    %store/vec4 v0x561f0d2a7590_0, 0, 8;
    %delay 1, 0;
    %fork TD_testbench_M_ALU.display, S_0x561f0d2a7250;
    %join;
    %pushi/vec4 11, 0, 4;
    %store/vec4 v0x561f0d2a7760_0, 0, 4;
    %pushi/vec4 43, 0, 8;
    %store/vec4 v0x561f0d2a7400_0, 0, 8;
    %pushi/vec4 4, 0, 8;
    %store/vec4 v0x561f0d2a7590_0, 0, 8;
    %delay 1, 0;
    %fork TD_testbench_M_ALU.display, S_0x561f0d2a7250;
    %join;
    %pushi/vec4 12, 0, 4;
    %store/vec4 v0x561f0d2a7760_0, 0, 4;
    %pushi/vec4 43, 0, 8;
    %store/vec4 v0x561f0d2a7400_0, 0, 8;
    %pushi/vec4 4, 0, 8;
    %store/vec4 v0x561f0d2a7590_0, 0, 8;
    %delay 1, 0;
    %fork TD_testbench_M_ALU.display, S_0x561f0d2a7250;
    %join;
    %end;
    .thread T_3;
# The file index is used to find the file name in the following table.
:file_names 4;
    "N/A";
    "<interactive>";
    "tb_M_ALU.v";
    "M_ALU.v";
