#! /usr/bin/vvp
:ivl_version "11.0 (stable)" "(v11_0)";
:ivl_delay_selection "TYPICAL";
:vpi_time_precision + 0;
:vpi_module "/usr/lib/ivl/system.vpi";
:vpi_module "/usr/lib/ivl/vhdl_sys.vpi";
:vpi_module "/usr/lib/ivl/vhdl_textio.vpi";
:vpi_module "/usr/lib/ivl/v2005_math.vpi";
:vpi_module "/usr/lib/ivl/va_math.vpi";
S_0x55de48e0b040 .scope module, "tb_REG_SHIFT_PLOAD" "tb_REG_SHIFT_PLOAD" 2 1;
 .timescale 0 0;
v0x55de48e274c0_0 .var "Din", 31 0;
v0x55de48e27580_0 .net "Dout", 0 0, v0x55de48e26940_0;  1 drivers
v0x55de48e27650_0 .var "clk", 0 0;
v0x55de48e27750_0 .var "clk_tx", 0 0;
v0x55de48e27820_0 .var "p_load", 0 0;
v0x55de48e27910_0 .var "reset", 0 0;
v0x55de48e279e0_0 .var "start_tx", 0 0;
v0x55de48e27ab0_0 .net "tx_busy", 0 0, v0x55de48e27070_0;  1 drivers
v0x55de48e27b80_0 .net "tx_done", 0 0, v0x55de48e27130_0;  1 drivers
S_0x55de48e0b1d0 .scope module, "DUT" "REG_SHIFT_PLOAD" 2 13, 3 1 0, S_0x55de48e0b040;
 .timescale 0 0;
    .port_info 0 /INPUT 32 "Din";
    .port_info 1 /INPUT 1 "p_load";
    .port_info 2 /INPUT 1 "start_tx";
    .port_info 3 /INPUT 1 "reset";
    .port_info 4 /INPUT 1 "clk";
    .port_info 5 /INPUT 1 "clk_tx";
    .port_info 6 /OUTPUT 1 "tx_done";
    .port_info 7 /OUTPUT 1 "tx_busy";
    .port_info 8 /OUTPUT 1 "Dout";
v0x55de48e02040_0 .net "Din", 31 0, v0x55de48e274c0_0;  1 drivers
v0x55de48e26940_0 .var "Dout", 0 0;
v0x55de48e26a00_0 .var "buffer", 31 0;
v0x55de48e26ac0_0 .net "clk", 0 0, v0x55de48e27650_0;  1 drivers
v0x55de48e26b80_0 .net "clk_tx", 0 0, v0x55de48e27750_0;  1 drivers
v0x55de48e26c90_0 .net "p_load", 0 0, v0x55de48e27820_0;  1 drivers
v0x55de48e26d50_0 .var/i "pos", 31 0;
v0x55de48e26e30_0 .var "r_v", 0 0;
v0x55de48e26ef0_0 .net "reset", 0 0, v0x55de48e27910_0;  1 drivers
v0x55de48e26fb0_0 .net "start_tx", 0 0, v0x55de48e279e0_0;  1 drivers
v0x55de48e27070_0 .var "tx_busy", 0 0;
v0x55de48e27130_0 .var "tx_done", 0 0;
E_0x55de48e02d30 .event posedge, v0x55de48e26ef0_0, v0x55de48e26b80_0;
E_0x55de48e039d0 .event posedge, v0x55de48e26ef0_0, v0x55de48e26ac0_0;
S_0x55de48e27310 .scope task, "display" "display" 2 68, 2 68 0, S_0x55de48e0b040;
 .timescale 0 0;
TD_tb_REG_SHIFT_PLOAD.display ;
    %vpi_call 2 69 "$display", "r = %0h, clk = %0h, clk_tx = %0h, Din = %0h, p_load = %0h, start_tx = %0h, tx_done = %0h, tx_busy = %0h, Dout = %0h,", v0x55de48e27910_0, v0x55de48e27650_0, v0x55de48e27750_0, v0x55de48e274c0_0, v0x55de48e27820_0, v0x55de48e279e0_0, v0x55de48e27b80_0, v0x55de48e27ab0_0, v0x55de48e27580_0 {0 0 0};
    %end;
    .scope S_0x55de48e0b1d0;
T_1 ;
    %pushi/vec4 0, 0, 32;
    %store/vec4 v0x55de48e26d50_0, 0, 32;
    %end;
    .thread T_1;
    .scope S_0x55de48e0b1d0;
T_2 ;
    %wait E_0x55de48e039d0;
    %load/vec4 v0x55de48e26ef0_0;
    %flag_set/vec4 8;
    %jmp/0xz  T_2.0, 8;
    %pushi/vec4 0, 0, 32;
    %assign/vec4 v0x55de48e26a00_0, 0;
    %pushi/vec4 0, 0, 32;
    %assign/vec4 v0x55de48e26d50_0, 0;
    %pushi/vec4 0, 0, 1;
    %assign/vec4 v0x55de48e27070_0, 0;
    %pushi/vec4 0, 0, 1;
    %assign/vec4 v0x55de48e27130_0, 0;
    %pushi/vec4 0, 1, 1;
    %assign/vec4 v0x55de48e26940_0, 0;
    %jmp T_2.1;
T_2.0 ;
    %load/vec4 v0x55de48e26c90_0;
    %load/vec4 v0x55de48e26fb0_0;
    %nor/r;
    %and;
    %load/vec4 v0x55de48e26ac0_0;
    %and;
    %flag_set/vec4 8;
    %jmp/0xz  T_2.2, 8;
    %pushi/vec4 1, 0, 1;
    %assign/vec4 v0x55de48e26e30_0, 0;
    %pushi/vec4 0, 0, 32;
    %store/vec4 v0x55de48e26d50_0, 0, 32;
T_2.4 ;
    %load/vec4 v0x55de48e26d50_0;
    %cmpi/s 32, 0, 32;
    %jmp/0xz T_2.5, 5;
    %load/vec4 v0x55de48e02040_0;
    %load/vec4 v0x55de48e26d50_0;
    %part/s 1;
    %cmpi/e 0, 1, 1;
    %flag_mov 8, 4;
    %load/vec4 v0x55de48e02040_0;
    %load/vec4 v0x55de48e26d50_0;
    %part/s 1;
    %cmpi/e 0, 1, 1;
    %flag_or 4, 8;
    %jmp/0xz  T_2.6, 4;
    %pushi/vec4 0, 0, 1;
    %assign/vec4 v0x55de48e26e30_0, 0;
T_2.6 ;
    %load/vec4 v0x55de48e26d50_0;
    %addi 1, 0, 32;
    %store/vec4 v0x55de48e26d50_0, 0, 32;
    %jmp T_2.4;
T_2.5 ;
    %load/vec4 v0x55de48e26e30_0;
    %flag_set/vec4 8;
    %jmp/0xz  T_2.8, 8;
    %load/vec4 v0x55de48e02040_0;
    %assign/vec4 v0x55de48e26a00_0, 0;
T_2.8 ;
    %pushi/vec4 0, 0, 32;
    %assign/vec4 v0x55de48e26d50_0, 0;
T_2.2 ;
T_2.1 ;
    %jmp T_2;
    .thread T_2;
    .scope S_0x55de48e0b1d0;
T_3 ;
    %wait E_0x55de48e02d30;
    %load/vec4 v0x55de48e26ef0_0;
    %flag_set/vec4 8;
    %jmp/0xz  T_3.0, 8;
    %pushi/vec4 0, 0, 32;
    %assign/vec4 v0x55de48e26a00_0, 0;
    %pushi/vec4 0, 0, 32;
    %assign/vec4 v0x55de48e26d50_0, 0;
    %pushi/vec4 0, 0, 1;
    %assign/vec4 v0x55de48e27070_0, 0;
    %pushi/vec4 0, 0, 1;
    %assign/vec4 v0x55de48e27130_0, 0;
    %jmp T_3.1;
T_3.0 ;
    %load/vec4 v0x55de48e26c90_0;
    %nor/r;
    %load/vec4 v0x55de48e26e30_0;
    %and;
    %load/vec4 v0x55de48e26d50_0;
    %cmpi/s 32, 0, 32;
    %flag_get/vec4 4;
    %flag_get/vec4 5;
    %or;
    %and;
    %flag_set/vec4 8;
    %jmp/0xz  T_3.2, 8;
    %load/vec4 v0x55de48e26d50_0;
    %cmpi/s 31, 0, 32;
    %jmp/0xz  T_3.4, 5;
    %pushi/vec4 1, 0, 1;
    %assign/vec4 v0x55de48e27070_0, 0;
    %load/vec4 v0x55de48e26a00_0;
    %load/vec4 v0x55de48e26d50_0;
    %part/s 1;
    %assign/vec4 v0x55de48e26940_0, 0;
T_3.4 ;
    %load/vec4 v0x55de48e26d50_0;
    %cmpi/e 31, 0, 32;
    %jmp/0xz  T_3.6, 4;
    %pushi/vec4 1, 0, 1;
    %assign/vec4 v0x55de48e27130_0, 0;
    %pushi/vec4 0, 0, 1;
    %assign/vec4 v0x55de48e27070_0, 0;
T_3.6 ;
    %load/vec4 v0x55de48e26d50_0;
    %cmpi/e 32, 0, 32;
    %jmp/0xz  T_3.8, 4;
    %pushi/vec4 0, 0, 1;
    %assign/vec4 v0x55de48e27130_0, 0;
    %pushi/vec4 0, 1, 1;
    %assign/vec4 v0x55de48e26940_0, 0;
T_3.8 ;
    %load/vec4 v0x55de48e26d50_0;
    %addi 1, 0, 32;
    %assign/vec4 v0x55de48e26d50_0, 0;
T_3.2 ;
T_3.1 ;
    %jmp T_3;
    .thread T_3;
    .scope S_0x55de48e0b040;
T_4 ;
    %vpi_call 2 17 "$dumpvars", 32'sb00000000000000000000000000000000, S_0x55de48e0b040 {0 0 0};
    %vpi_call 2 18 "$dumpfile", "my.vcd" {0 0 0};
    %pushi/vec4 0, 0, 1;
    %store/vec4 v0x55de48e27650_0, 0, 1;
T_4.0 ;
    %delay 5, 0;
    %load/vec4 v0x55de48e27650_0;
    %inv;
    %store/vec4 v0x55de48e27650_0, 0, 1;
    %jmp T_4.0;
    %end;
    .thread T_4;
    .scope S_0x55de48e0b040;
T_5 ;
    %pushi/vec4 0, 0, 1;
    %store/vec4 v0x55de48e27750_0, 0, 1;
T_5.0 ;
    %delay 10, 0;
    %load/vec4 v0x55de48e27750_0;
    %inv;
    %store/vec4 v0x55de48e27750_0, 0, 1;
    %jmp T_5.0;
    %end;
    .thread T_5;
    .scope S_0x55de48e0b040;
T_6 ;
    %pushi/vec4 1, 0, 1;
    %store/vec4 v0x55de48e27910_0, 0, 1;
    %delay 5, 0;
    %fork TD_tb_REG_SHIFT_PLOAD.display, S_0x55de48e27310;
    %join;
    %pushi/vec4 0, 0, 1;
    %store/vec4 v0x55de48e27910_0, 0, 1;
    %pushi/vec4 4042325775, 0, 32;
    %store/vec4 v0x55de48e274c0_0, 0, 32;
    %pushi/vec4 1, 0, 1;
    %store/vec4 v0x55de48e27820_0, 0, 1;
    %pushi/vec4 0, 0, 1;
    %store/vec4 v0x55de48e279e0_0, 0, 1;
    %delay 15, 0;
    %fork TD_tb_REG_SHIFT_PLOAD.display, S_0x55de48e27310;
    %join;
    %pushi/vec4 0, 0, 1;
    %store/vec4 v0x55de48e27820_0, 0, 1;
    %pushi/vec4 1, 0, 1;
    %store/vec4 v0x55de48e279e0_0, 0, 1;
    %delay 5, 0;
    %fork TD_tb_REG_SHIFT_PLOAD.display, S_0x55de48e27310;
    %join;
    %delay 5, 0;
    %fork TD_tb_REG_SHIFT_PLOAD.display, S_0x55de48e27310;
    %join;
    %delay 5, 0;
    %fork TD_tb_REG_SHIFT_PLOAD.display, S_0x55de48e27310;
    %join;
    %delay 5, 0;
    %fork TD_tb_REG_SHIFT_PLOAD.display, S_0x55de48e27310;
    %join;
    %delay 5, 0;
    %fork TD_tb_REG_SHIFT_PLOAD.display, S_0x55de48e27310;
    %join;
    %delay 5, 0;
    %fork TD_tb_REG_SHIFT_PLOAD.display, S_0x55de48e27310;
    %join;
    %delay 650, 0;
    %vpi_call 2 64 "$finish" {0 0 0};
    %end;
    .thread T_6;
# The file index is used to find the file name in the following table.
:file_names 4;
    "N/A";
    "<interactive>";
    "tb_REG_SHIFT_PLOAD.v";
    "REG_SHIFT_PLOAD.v";
