#! /usr/bin/vvp
:ivl_version "11.0 (stable)" "(v11_0)";
:ivl_delay_selection "TYPICAL";
:vpi_time_precision + 0;
:vpi_module "/usr/lib/ivl/system.vpi";
:vpi_module "/usr/lib/ivl/vhdl_sys.vpi";
:vpi_module "/usr/lib/ivl/vhdl_textio.vpi";
:vpi_module "/usr/lib/ivl/v2005_math.vpi";
:vpi_module "/usr/lib/ivl/va_math.vpi";
S_0x56424edd37a0 .scope module, "TOP" "TOP" 2 12;
 .timescale 0 0;
L_0x56424ee77890 .functor NOT 1, L_0x56424ee7c660, C4<0>, C4<0>, C4<0>;
L_0x56424ee77900 .functor AND 1, L_0x56424ee77890, v0x56424ee772d0_0, C4<1>, C4<1>;
L_0x56424ee779e0 .functor AND 1, L_0x56424ee7c660, v0x56424ee77410_0, C4<1>, C4<1>;
v0x56424ee75ef0_0 .net "D_OUT", 31 0, v0x56424ee74ad0_0;  1 drivers
v0x56424ee75fd0_0 .var "Din", 31 0;
v0x56424ee76090_0 .net "Dout", 0 0, v0x56424ee75520_0;  1 drivers
v0x56424ee76190_0 .net "Dout_valid", 0 0, v0x56424ee75c40_0;  1 drivers
v0x56424ee76260_0 .net *"_ivl_0", 0 0, L_0x56424ee77890;  1 drivers
v0x56424ee76350_0 .var "addr", 7 0;
v0x56424ee763f0_0 .net "alu_out_tmp", 7 0, v0x56424ee73c40_0;  1 drivers
v0x56424ee764e0_0 .net "busy", 0 0, v0x56424ee6a950_0;  1 drivers
v0x56424ee76580_0 .net "calc_active", 0 0, L_0x56424ee7c660;  1 drivers
v0x56424ee766b0_0 .net "calc_mode", 0 0, L_0x56424ee7c5f0;  1 drivers
v0x56424ee76750_0 .var "clk", 0 0;
v0x56424ee767f0_0 .net "clk_tx", 0 0, v0x56424ee71260_0;  1 drivers
v0x56424ee768e0_0 .var "conf_div", 0 0;
v0x56424ee76980_0 .net "ctrl_ac_mem", 0 0, v0x56424ee6a7b0_0;  1 drivers
v0x56424ee76a70_0 .net "ctrl_rw_mem", 0 0, v0x56424ee6ae00_0;  1 drivers
v0x56424ee76b60_0 .net "data_tmp", 31 0, v0x56424ee378f0_0;  1 drivers
v0x56424ee76c00_0 .net "flag_tmp", 3 0, v0x56424ee73e20_0;  1 drivers
v0x56424ee76cf0_0 .var "in_a", 7 0;
v0x56424ee76d90_0 .var "in_b", 7 0;
v0x56424ee76e30_0 .var "input_key", 0 0;
v0x56424ee76ed0_0 .net "m1_out", 7 0, v0x56424ee71f30_0;  1 drivers
v0x56424ee76f70_0 .net "m2_out", 7 0, v0x56424ee72680_0;  1 drivers
v0x56424ee77010_0 .net "m3_out", 3 0, v0x56424ee72e50_0;  1 drivers
v0x56424ee770d0_0 .net "m4_out", 31 0, v0x56424ee735f0_0;  1 drivers
v0x56424ee771e0_0 .net "p_load", 0 0, v0x56424ee6abc0_0;  1 drivers
v0x56424ee772d0_0 .var "reset", 0 0;
v0x56424ee77370_0 .net "reset_tmp", 0 0, L_0x56424ee77900;  1 drivers
v0x56424ee77410_0 .var "rw", 0 0;
v0x56424ee774d0_0 .net "rw_tmp", 0 0, L_0x56424ee779e0;  1 drivers
v0x56424ee77570_0 .var "sel", 3 0;
v0x56424ee77610_0 .net "tx_dat", 0 0, v0x56424ee6b080_0;  1 drivers
v0x56424ee776b0_0 .net "tx_done", 0 0, v0x56424ee75d00_0;  1 drivers
v0x56424ee777a0_0 .var "valid_cmd", 0 0;
S_0x56424edd3930 .scope module, "buffer" "CAT_32" 2 48, 3 1 0, S_0x56424edd37a0;
 .timescale 0 0;
    .port_info 0 /INPUT 8 "A";
    .port_info 1 /INPUT 8 "B";
    .port_info 2 /INPUT 8 "C";
    .port_info 3 /INPUT 4 "D";
    .port_info 4 /INPUT 4 "E";
    .port_info 5 /OUTPUT 32 "out";
v0x56424ee38790_0 .net "A", 7 0, v0x56424ee71f30_0;  alias, 1 drivers
v0x56424ee38890_0 .net "B", 7 0, v0x56424ee72680_0;  alias, 1 drivers
v0x56424ee38010_0 .net "C", 7 0, v0x56424ee73c40_0;  alias, 1 drivers
v0x56424ee38110_0 .net "D", 3 0, v0x56424ee73e20_0;  alias, 1 drivers
v0x56424ee377f0_0 .net "E", 3 0, v0x56424ee72e50_0;  alias, 1 drivers
v0x56424ee378f0_0 .var "out", 31 0;
E_0x56424edd2e70/0 .event edge, v0x56424ee377f0_0, v0x56424ee38110_0, v0x56424ee38010_0, v0x56424ee38890_0;
E_0x56424edd2e70/1 .event edge, v0x56424ee38790_0;
E_0x56424edd2e70 .event/or E_0x56424edd2e70/0, E_0x56424edd2e70/1;
S_0x56424ee69f20 .scope module, "control_rw_flow" "CONTROL_RW_FLOW" 2 57, 4 1 0, S_0x56424edd37a0;
 .timescale 0 0;
    .port_info 0 /INPUT 1 "valid_cmd";
    .port_info 1 /INPUT 1 "rw";
    .port_info 2 /INPUT 1 "active";
    .port_info 3 /INPUT 1 "mode";
    .port_info 4 /INPUT 1 "tx_done";
    .port_info 5 /INPUT 1 "reset";
    .port_info 6 /INPUT 1 "clk";
    .port_info 7 /OUTPUT 1 "ac_mem";
    .port_info 8 /OUTPUT 1 "rw_mem";
    .port_info 9 /OUTPUT 1 "p_load";
    .port_info 10 /OUTPUT 1 "tx_dat";
    .port_info 11 /OUTPUT 1 "busy";
P_0x56424ee6a120 .param/l "IDLE" 1 4 16, C4<000>;
P_0x56424ee6a160 .param/l "S1" 1 4 17, C4<001>;
P_0x56424ee6a1a0 .param/l "S2" 1 4 18, C4<011>;
P_0x56424ee6a1e0 .param/l "S3" 1 4 19, C4<010>;
P_0x56424ee6a220 .param/l "S4" 1 4 20, C4<110>;
P_0x56424ee6a260 .param/l "S5" 1 4 21, C4<111>;
P_0x56424ee6a2a0 .param/l "S6" 1 4 22, C4<101>;
v0x56424ee6a7b0_0 .var "ac_mem", 0 0;
v0x56424ee6a890_0 .net "active", 0 0, L_0x56424ee7c660;  alias, 1 drivers
v0x56424ee6a950_0 .var "busy", 0 0;
v0x56424ee6a9f0_0 .net "clk", 0 0, v0x56424ee76750_0;  1 drivers
v0x56424ee6aab0_0 .net "mode", 0 0, L_0x56424ee7c5f0;  alias, 1 drivers
v0x56424ee6abc0_0 .var "p_load", 0 0;
v0x56424ee6ac80_0 .net "reset", 0 0, v0x56424ee772d0_0;  1 drivers
v0x56424ee6ad40_0 .net "rw", 0 0, L_0x56424ee779e0;  alias, 1 drivers
v0x56424ee6ae00_0 .var "rw_mem", 0 0;
v0x56424ee6aec0_0 .var "s_c", 2 0;
v0x56424ee6afa0_0 .var "s_v", 2 0;
v0x56424ee6b080_0 .var "tx_dat", 0 0;
v0x56424ee6b140_0 .net "tx_done", 0 0, v0x56424ee75d00_0;  alias, 1 drivers
v0x56424ee6b200_0 .net "valid_cmd", 0 0, v0x56424ee777a0_0;  1 drivers
E_0x56424edd2e30 .event edge, v0x56424ee6aec0_0;
E_0x56424ee50f50 .event posedge, v0x56424ee6ac80_0, v0x56424ee6a9f0_0;
E_0x56424ee511b0/0 .event edge, v0x56424ee6aec0_0, v0x56424ee6b140_0, v0x56424ee6aab0_0, v0x56424ee6a890_0;
E_0x56424ee511b0/1 .event edge, v0x56424ee6ad40_0, v0x56424ee6b200_0;
E_0x56424ee511b0 .event/or E_0x56424ee511b0/0, E_0x56424ee511b0/1;
S_0x56424ee6b440 .scope module, "dec_input_key" "DEC_INPUT_KEY" 2 50, 5 1 0, S_0x56424edd37a0;
 .timescale 0 0;
    .port_info 0 /INPUT 1 "input_key";
    .port_info 1 /INPUT 1 "valid_cmd";
    .port_info 2 /INPUT 1 "reset";
    .port_info 3 /INPUT 1 "clk";
    .port_info 4 /OUTPUT 1 "active";
    .port_info 5 /OUTPUT 1 "mode";
P_0x56424ee6b5d0 .param/l "IDLE" 1 5 9, C4<000>;
P_0x56424ee6b610 .param/l "S1" 1 5 10, C4<001>;
P_0x56424ee6b650 .param/l "S2" 1 5 11, C4<011>;
P_0x56424ee6b690 .param/l "S3" 1 5 12, C4<010>;
P_0x56424ee6b6d0 .param/l "S4" 1 5 13, C4<110>;
P_0x56424ee6b710 .param/l "S5" 1 5 14, C4<111>;
P_0x56424ee6b750 .param/l "S6" 1 5 15, C4<101>;
L_0x56424ee77af0 .functor NOT 1, v0x56424ee6c930_0, C4<0>, C4<0>, C4<0>;
L_0x56424ee77b90 .functor AND 1, L_0x56424ee77af0, v0x56424ee6c3e0_0, C4<1>, C4<1>;
L_0x56424ee77ca0 .functor NOT 1, v0x56424ee6be90_0, C4<0>, C4<0>, C4<0>;
L_0x56424ee77d60 .functor AND 1, L_0x56424ee77b90, L_0x56424ee77ca0, C4<1>, C4<1>;
L_0x56424ee77ea0 .functor AND 1, L_0x56424ee77d60, v0x56424ee777a0_0, C4<1>, C4<1>;
L_0x56424ee77f60 .functor NOT 1, v0x56424ee76e30_0, C4<0>, C4<0>, C4<0>;
L_0x56424ee78060 .functor AND 1, L_0x56424ee77ea0, L_0x56424ee77f60, C4<1>, C4<1>;
L_0x56424ee78170 .functor AND 1, v0x56424ee6c930_0, v0x56424ee6c3e0_0, C4<1>, C4<1>;
L_0x56424ee78230 .functor NOT 1, v0x56424ee6be90_0, C4<0>, C4<0>, C4<0>;
L_0x56424ee782a0 .functor AND 1, L_0x56424ee78170, L_0x56424ee78230, C4<1>, C4<1>;
L_0x56424ee78410 .functor AND 1, L_0x56424ee782a0, v0x56424ee777a0_0, C4<1>, C4<1>;
L_0x56424ee78480 .functor OR 1, L_0x56424ee78060, L_0x56424ee78410, C4<0>, C4<0>;
L_0x56424ee785b0 .functor AND 1, v0x56424ee6c930_0, v0x56424ee6be90_0, C4<1>, C4<1>;
L_0x56424ee78740 .functor OR 1, L_0x56424ee78480, L_0x56424ee785b0, C4<0>, C4<0>;
L_0x56424ee78540 .functor NOT 1, v0x56424ee6c930_0, C4<0>, C4<0>, C4<0>;
L_0x56424ee78880 .functor NOT 1, v0x56424ee6c3e0_0, C4<0>, C4<0>, C4<0>;
L_0x56424ee78a10 .functor AND 1, L_0x56424ee78540, L_0x56424ee78880, C4<1>, C4<1>;
L_0x56424ee78ad0 .functor AND 1, L_0x56424ee78a10, v0x56424ee6be90_0, C4<1>, C4<1>;
L_0x56424ee78c30 .functor AND 1, L_0x56424ee78ad0, v0x56424ee777a0_0, C4<1>, C4<1>;
L_0x56424ee78cf0 .functor NOT 1, v0x56424ee76e30_0, C4<0>, C4<0>, C4<0>;
L_0x56424ee78e10 .functor AND 1, L_0x56424ee78c30, L_0x56424ee78cf0, C4<1>, C4<1>;
L_0x56424ee78f20 .functor NOT 1, v0x56424ee6c930_0, C4<0>, C4<0>, C4<0>;
L_0x56424ee79050 .functor AND 1, L_0x56424ee78f20, v0x56424ee6c3e0_0, C4<1>, C4<1>;
L_0x56424ee79110 .functor AND 1, L_0x56424ee79050, v0x56424ee6be90_0, C4<1>, C4<1>;
L_0x56424ee792a0 .functor AND 1, L_0x56424ee79110, v0x56424ee777a0_0, C4<1>, C4<1>;
L_0x56424ee79360 .functor AND 1, L_0x56424ee792a0, v0x56424ee76e30_0, C4<1>, C4<1>;
L_0x56424ee79500 .functor OR 1, L_0x56424ee78e10, L_0x56424ee79360, C4<0>, C4<0>;
L_0x56424ee795c0 .functor NOT 1, v0x56424ee6be90_0, C4<0>, C4<0>, C4<0>;
L_0x56424ee79720 .functor AND 1, v0x56424ee6c3e0_0, L_0x56424ee795c0, C4<1>, C4<1>;
L_0x56424ee797e0 .functor AND 1, L_0x56424ee79720, v0x56424ee777a0_0, C4<1>, C4<1>;
L_0x56424ee799a0 .functor NOT 1, v0x56424ee76e30_0, C4<0>, C4<0>, C4<0>;
L_0x56424ee79a10 .functor AND 1, L_0x56424ee797e0, L_0x56424ee799a0, C4<1>, C4<1>;
L_0x56424ee79c30 .functor OR 1, L_0x56424ee79500, L_0x56424ee79a10, C4<0>, C4<0>;
L_0x56424ee79d40 .functor AND 1, v0x56424ee6c930_0, v0x56424ee6c3e0_0, C4<1>, C4<1>;
L_0x56424ee79ed0 .functor AND 1, L_0x56424ee79d40, v0x56424ee6be90_0, C4<1>, C4<1>;
L_0x56424ee79f90 .functor OR 1, L_0x56424ee79c30, L_0x56424ee79ed0, C4<0>, C4<0>;
L_0x56424ee79db0 .functor NOT 1, v0x56424ee6c930_0, C4<0>, C4<0>, C4<0>;
L_0x56424ee79e20 .functor NOT 1, v0x56424ee6c3e0_0, C4<0>, C4<0>, C4<0>;
L_0x56424ee7a230 .functor AND 1, L_0x56424ee79db0, L_0x56424ee79e20, C4<1>, C4<1>;
L_0x56424ee7a340 .functor NOT 1, v0x56424ee6be90_0, C4<0>, C4<0>, C4<0>;
L_0x56424ee7a500 .functor AND 1, L_0x56424ee7a230, L_0x56424ee7a340, C4<1>, C4<1>;
L_0x56424ee7a610 .functor AND 1, L_0x56424ee7a500, v0x56424ee777a0_0, C4<1>, C4<1>;
L_0x56424ee7a940 .functor AND 1, L_0x56424ee7a610, v0x56424ee76e30_0, C4<1>, C4<1>;
L_0x56424ee7aa00 .functor NOT 1, v0x56424ee6c930_0, C4<0>, C4<0>, C4<0>;
L_0x56424ee7abe0 .functor NOT 1, v0x56424ee6c3e0_0, C4<0>, C4<0>, C4<0>;
L_0x56424ee7ac50 .functor AND 1, L_0x56424ee7aa00, L_0x56424ee7abe0, C4<1>, C4<1>;
L_0x56424ee7aee0 .functor AND 1, L_0x56424ee7ac50, v0x56424ee6be90_0, C4<1>, C4<1>;
L_0x56424ee7afa0 .functor AND 1, L_0x56424ee7aee0, v0x56424ee777a0_0, C4<1>, C4<1>;
L_0x56424ee7b1f0 .functor NOT 1, v0x56424ee76e30_0, C4<0>, C4<0>, C4<0>;
L_0x56424ee7b260 .functor AND 1, L_0x56424ee7afa0, L_0x56424ee7b1f0, C4<1>, C4<1>;
L_0x56424ee7b510 .functor OR 1, L_0x56424ee7a940, L_0x56424ee7b260, C4<0>, C4<0>;
L_0x56424ee7b620 .functor AND 1, v0x56424ee6c930_0, v0x56424ee6c3e0_0, C4<1>, C4<1>;
L_0x56424ee7b840 .functor NOT 1, v0x56424ee6be90_0, C4<0>, C4<0>, C4<0>;
L_0x56424ee7b8b0 .functor AND 1, L_0x56424ee7b620, L_0x56424ee7b840, C4<1>, C4<1>;
L_0x56424ee7bb80 .functor AND 1, L_0x56424ee7b8b0, v0x56424ee777a0_0, C4<1>, C4<1>;
L_0x56424ee7bc40 .functor OR 1, L_0x56424ee7b510, L_0x56424ee7bb80, C4<0>, C4<0>;
L_0x56424ee7bf20 .functor AND 1, v0x56424ee6c930_0, v0x56424ee6be90_0, C4<1>, C4<1>;
L_0x56424ee7bf90 .functor OR 1, L_0x56424ee7bc40, L_0x56424ee7bf20, C4<0>, C4<0>;
L_0x56424ee7c2d0 .functor NOT 1, v0x56424ee6c3e0_0, C4<0>, C4<0>, C4<0>;
L_0x56424ee7c340 .functor AND 1, v0x56424ee6c930_0, L_0x56424ee7c2d0, C4<1>, C4<1>;
L_0x56424ee7c5f0 .functor AND 1, L_0x56424ee7c340, v0x56424ee6be90_0, C4<1>, C4<1>;
L_0x56424ee7c660 .functor AND 1, v0x56424ee6c930_0, v0x56424ee6be90_0, C4<1>, C4<1>;
v0x56424ee6cb50_0 .net *"_ivl_0", 0 0, L_0x56424ee77af0;  1 drivers
v0x56424ee6cc50_0 .net *"_ivl_10", 0 0, L_0x56424ee77f60;  1 drivers
v0x56424ee6cd30_0 .net *"_ivl_100", 0 0, L_0x56424ee7b510;  1 drivers
v0x56424ee6cdf0_0 .net *"_ivl_102", 0 0, L_0x56424ee7b620;  1 drivers
v0x56424ee6ced0_0 .net *"_ivl_104", 0 0, L_0x56424ee7b840;  1 drivers
v0x56424ee6d000_0 .net *"_ivl_106", 0 0, L_0x56424ee7b8b0;  1 drivers
v0x56424ee6d0e0_0 .net *"_ivl_108", 0 0, L_0x56424ee7bb80;  1 drivers
v0x56424ee6d1c0_0 .net *"_ivl_110", 0 0, L_0x56424ee7bc40;  1 drivers
v0x56424ee6d2a0_0 .net *"_ivl_112", 0 0, L_0x56424ee7bf20;  1 drivers
v0x56424ee6d380_0 .net *"_ivl_116", 0 0, L_0x56424ee7c2d0;  1 drivers
v0x56424ee6d460_0 .net *"_ivl_118", 0 0, L_0x56424ee7c340;  1 drivers
v0x56424ee6d540_0 .net *"_ivl_12", 0 0, L_0x56424ee78060;  1 drivers
v0x56424ee6d620_0 .net *"_ivl_14", 0 0, L_0x56424ee78170;  1 drivers
v0x56424ee6d700_0 .net *"_ivl_16", 0 0, L_0x56424ee78230;  1 drivers
v0x56424ee6d7e0_0 .net *"_ivl_18", 0 0, L_0x56424ee782a0;  1 drivers
v0x56424ee6d8c0_0 .net *"_ivl_2", 0 0, L_0x56424ee77b90;  1 drivers
v0x56424ee6d9a0_0 .net *"_ivl_20", 0 0, L_0x56424ee78410;  1 drivers
v0x56424ee6da80_0 .net *"_ivl_22", 0 0, L_0x56424ee78480;  1 drivers
v0x56424ee6db60_0 .net *"_ivl_24", 0 0, L_0x56424ee785b0;  1 drivers
v0x56424ee6dc40_0 .net *"_ivl_28", 0 0, L_0x56424ee78540;  1 drivers
v0x56424ee6dd20_0 .net *"_ivl_30", 0 0, L_0x56424ee78880;  1 drivers
v0x56424ee6de00_0 .net *"_ivl_32", 0 0, L_0x56424ee78a10;  1 drivers
v0x56424ee6dee0_0 .net *"_ivl_34", 0 0, L_0x56424ee78ad0;  1 drivers
v0x56424ee6dfc0_0 .net *"_ivl_36", 0 0, L_0x56424ee78c30;  1 drivers
v0x56424ee6e0a0_0 .net *"_ivl_38", 0 0, L_0x56424ee78cf0;  1 drivers
v0x56424ee6e180_0 .net *"_ivl_4", 0 0, L_0x56424ee77ca0;  1 drivers
v0x56424ee6e260_0 .net *"_ivl_40", 0 0, L_0x56424ee78e10;  1 drivers
v0x56424ee6e340_0 .net *"_ivl_42", 0 0, L_0x56424ee78f20;  1 drivers
v0x56424ee6e420_0 .net *"_ivl_44", 0 0, L_0x56424ee79050;  1 drivers
v0x56424ee6e500_0 .net *"_ivl_46", 0 0, L_0x56424ee79110;  1 drivers
v0x56424ee6e5e0_0 .net *"_ivl_48", 0 0, L_0x56424ee792a0;  1 drivers
v0x56424ee6e6c0_0 .net *"_ivl_50", 0 0, L_0x56424ee79360;  1 drivers
v0x56424ee6e7a0_0 .net *"_ivl_52", 0 0, L_0x56424ee79500;  1 drivers
v0x56424ee6ea90_0 .net *"_ivl_54", 0 0, L_0x56424ee795c0;  1 drivers
v0x56424ee6eb70_0 .net *"_ivl_56", 0 0, L_0x56424ee79720;  1 drivers
v0x56424ee6ec50_0 .net *"_ivl_58", 0 0, L_0x56424ee797e0;  1 drivers
v0x56424ee6ed30_0 .net *"_ivl_6", 0 0, L_0x56424ee77d60;  1 drivers
v0x56424ee6ee10_0 .net *"_ivl_60", 0 0, L_0x56424ee799a0;  1 drivers
v0x56424ee6eef0_0 .net *"_ivl_62", 0 0, L_0x56424ee79a10;  1 drivers
v0x56424ee6efd0_0 .net *"_ivl_64", 0 0, L_0x56424ee79c30;  1 drivers
v0x56424ee6f0b0_0 .net *"_ivl_66", 0 0, L_0x56424ee79d40;  1 drivers
v0x56424ee6f190_0 .net *"_ivl_68", 0 0, L_0x56424ee79ed0;  1 drivers
v0x56424ee6f270_0 .net *"_ivl_72", 0 0, L_0x56424ee79db0;  1 drivers
v0x56424ee6f350_0 .net *"_ivl_74", 0 0, L_0x56424ee79e20;  1 drivers
v0x56424ee6f430_0 .net *"_ivl_76", 0 0, L_0x56424ee7a230;  1 drivers
v0x56424ee6f510_0 .net *"_ivl_78", 0 0, L_0x56424ee7a340;  1 drivers
v0x56424ee6f5f0_0 .net *"_ivl_8", 0 0, L_0x56424ee77ea0;  1 drivers
v0x56424ee6f6d0_0 .net *"_ivl_80", 0 0, L_0x56424ee7a500;  1 drivers
v0x56424ee6f7b0_0 .net *"_ivl_82", 0 0, L_0x56424ee7a610;  1 drivers
v0x56424ee6f890_0 .net *"_ivl_84", 0 0, L_0x56424ee7a940;  1 drivers
v0x56424ee6f970_0 .net *"_ivl_86", 0 0, L_0x56424ee7aa00;  1 drivers
v0x56424ee6fa50_0 .net *"_ivl_88", 0 0, L_0x56424ee7abe0;  1 drivers
v0x56424ee6fb30_0 .net *"_ivl_90", 0 0, L_0x56424ee7ac50;  1 drivers
v0x56424ee6fc10_0 .net *"_ivl_92", 0 0, L_0x56424ee7aee0;  1 drivers
v0x56424ee6fcf0_0 .net *"_ivl_94", 0 0, L_0x56424ee7afa0;  1 drivers
v0x56424ee6fdd0_0 .net *"_ivl_96", 0 0, L_0x56424ee7b1f0;  1 drivers
v0x56424ee6feb0_0 .net *"_ivl_98", 0 0, L_0x56424ee7b260;  1 drivers
v0x56424ee6ff90_0 .net "active", 0 0, L_0x56424ee7c660;  alias, 1 drivers
v0x56424ee70030_0 .net "clk", 0 0, v0x56424ee76750_0;  alias, 1 drivers
v0x56424ee700d0_0 .net "input_key", 0 0, v0x56424ee76e30_0;  1 drivers
v0x56424ee70170_0 .net "mode", 0 0, L_0x56424ee7c5f0;  alias, 1 drivers
v0x56424ee70240_0 .net "reset", 0 0, v0x56424ee772d0_0;  alias, 1 drivers
v0x56424ee70370_0 .net "s0", 0 0, v0x56424ee6be90_0;  1 drivers
v0x56424ee70440_0 .net "s0v", 0 0, L_0x56424ee7bf90;  1 drivers
v0x56424ee70510_0 .net "s1", 0 0, v0x56424ee6c3e0_0;  1 drivers
v0x56424ee709f0_0 .net "s1v", 0 0, L_0x56424ee79f90;  1 drivers
v0x56424ee70ac0_0 .net "s2", 0 0, v0x56424ee6c930_0;  1 drivers
v0x56424ee70b90_0 .net "s2v", 0 0, L_0x56424ee78740;  1 drivers
v0x56424ee70c60_0 .net "valid_cmd", 0 0, v0x56424ee777a0_0;  alias, 1 drivers
S_0x56424ee6bb50 .scope module, "d0" "DFF" 5 25, 6 2 0, S_0x56424ee6b440;
 .timescale 0 0;
    .port_info 0 /INPUT 1 "clk";
    .port_info 1 /INPUT 1 "reset";
    .port_info 2 /INPUT 1 "d";
    .port_info 3 /OUTPUT 1 "q";
v0x56424ee6bd30_0 .net "clk", 0 0, v0x56424ee76750_0;  alias, 1 drivers
v0x56424ee6bdf0_0 .net "d", 0 0, L_0x56424ee7bf90;  alias, 1 drivers
v0x56424ee6be90_0 .var "q", 0 0;
v0x56424ee6bf30_0 .net "reset", 0 0, v0x56424ee772d0_0;  alias, 1 drivers
S_0x56424ee6c030 .scope module, "d1" "DFF" 5 26, 6 2 0, S_0x56424ee6b440;
 .timescale 0 0;
    .port_info 0 /INPUT 1 "clk";
    .port_info 1 /INPUT 1 "reset";
    .port_info 2 /INPUT 1 "d";
    .port_info 3 /OUTPUT 1 "q";
v0x56424ee6c230_0 .net "clk", 0 0, v0x56424ee76750_0;  alias, 1 drivers
v0x56424ee6c320_0 .net "d", 0 0, L_0x56424ee79f90;  alias, 1 drivers
v0x56424ee6c3e0_0 .var "q", 0 0;
v0x56424ee6c480_0 .net "reset", 0 0, v0x56424ee772d0_0;  alias, 1 drivers
S_0x56424ee6c5f0 .scope module, "d2" "DFF" 5 27, 6 2 0, S_0x56424ee6b440;
 .timescale 0 0;
    .port_info 0 /INPUT 1 "clk";
    .port_info 1 /INPUT 1 "reset";
    .port_info 2 /INPUT 1 "d";
    .port_info 3 /OUTPUT 1 "q";
v0x56424ee6c7d0_0 .net "clk", 0 0, v0x56424ee76750_0;  alias, 1 drivers
v0x56424ee6c870_0 .net "d", 0 0, L_0x56424ee78740;  alias, 1 drivers
v0x56424ee6c930_0 .var "q", 0 0;
v0x56424ee6ca00_0 .net "reset", 0 0, v0x56424ee772d0_0;  alias, 1 drivers
S_0x56424ee70d70 .scope module, "div_freq" "DIV_FREQ" 2 65, 7 1 0, S_0x56424edd37a0;
 .timescale 0 0;
    .port_info 0 /INPUT 32 "Din";
    .port_info 1 /INPUT 1 "conf_div";
    .port_info 2 /INPUT 1 "enable";
    .port_info 3 /INPUT 1 "reset";
    .port_info 4 /INPUT 1 "clk";
    .port_info 5 /OUTPUT 1 "clk_out";
v0x56424ee710a0_0 .net "Din", 31 0, v0x56424ee75fd0_0;  1 drivers
v0x56424ee711a0_0 .net "clk", 0 0, v0x56424ee76750_0;  alias, 1 drivers
v0x56424ee71260_0 .var "clk_out", 0 0;
v0x56424ee71330_0 .net "conf_div", 0 0, v0x56424ee768e0_0;  1 drivers
v0x56424ee713d0_0 .var "count", 31 0;
v0x56424ee714b0_0 .net "enable", 0 0, v0x56424ee6b080_0;  alias, 1 drivers
v0x56424ee71550_0 .var "neg_count", 31 0;
v0x56424ee71610_0 .var "pos_count", 31 0;
v0x56424ee716f0_0 .net "reset", 0 0, L_0x56424ee77900;  alias, 1 drivers
v0x56424ee71840_0 .var "t", 31 0;
E_0x56424ee70fa0 .event edge, v0x56424ee71550_0, v0x56424ee71610_0;
E_0x56424ee70fe0/0 .event negedge, v0x56424ee6a9f0_0;
E_0x56424ee70fe0/1 .event posedge, v0x56424ee716f0_0;
E_0x56424ee70fe0 .event/or E_0x56424ee70fe0/0, E_0x56424ee70fe0/1;
E_0x56424ee71040 .event posedge, v0x56424ee716f0_0, v0x56424ee6a9f0_0;
S_0x56424ee71a20 .scope module, "m1" "MUX" 2 39, 8 1 0, S_0x56424edd37a0;
 .timescale 0 0;
    .port_info 0 /INPUT 8 "in_1";
    .port_info 1 /INPUT 8 "in_2";
    .port_info 2 /INPUT 1 "sel";
    .port_info 3 /OUTPUT 8 "out";
P_0x56424ee71bb0 .param/l "WIDTH" 0 8 1, +C4<00000000000000000000000000001000>;
v0x56424ee71d50_0 .net "in_1", 7 0, v0x56424ee76cf0_0;  1 drivers
L_0x7fc80d777018 .functor BUFT 1, C4<00000000>, C4<0>, C4<0>, C4<0>;
v0x56424ee71e50_0 .net "in_2", 7 0, L_0x7fc80d777018;  1 drivers
v0x56424ee71f30_0 .var "out", 7 0;
v0x56424ee72030_0 .net "sel", 0 0, L_0x56424ee77900;  alias, 1 drivers
E_0x56424ee511f0 .event edge, v0x56424ee716f0_0, v0x56424ee71d50_0, v0x56424ee71e50_0;
S_0x56424ee72170 .scope module, "m2" "MUX" 2 40, 8 1 0, S_0x56424edd37a0;
 .timescale 0 0;
    .port_info 0 /INPUT 8 "in_1";
    .port_info 1 /INPUT 8 "in_2";
    .port_info 2 /INPUT 1 "sel";
    .port_info 3 /OUTPUT 8 "out";
P_0x56424ee72350 .param/l "WIDTH" 0 8 1, +C4<00000000000000000000000000001000>;
v0x56424ee724a0_0 .net "in_1", 7 0, v0x56424ee76d90_0;  1 drivers
L_0x7fc80d777060 .functor BUFT 1, C4<00000000>, C4<0>, C4<0>, C4<0>;
v0x56424ee725a0_0 .net "in_2", 7 0, L_0x7fc80d777060;  1 drivers
v0x56424ee72680_0 .var "out", 7 0;
v0x56424ee72780_0 .net "sel", 0 0, L_0x56424ee77900;  alias, 1 drivers
E_0x56424ee72420 .event edge, v0x56424ee716f0_0, v0x56424ee724a0_0, v0x56424ee725a0_0;
S_0x56424ee728d0 .scope module, "m3" "MUX" 2 41, 8 1 0, S_0x56424edd37a0;
 .timescale 0 0;
    .port_info 0 /INPUT 4 "in_1";
    .port_info 1 /INPUT 4 "in_2";
    .port_info 2 /INPUT 1 "sel";
    .port_info 3 /OUTPUT 4 "out";
P_0x56424ee72ab0 .param/l "WIDTH" 0 8 1, +C4<00000000000000000000000000000100>;
v0x56424ee72c70_0 .net "in_1", 3 0, v0x56424ee77570_0;  1 drivers
L_0x7fc80d7770a8 .functor BUFT 1, C4<0000>, C4<0>, C4<0>, C4<0>;
v0x56424ee72d70_0 .net "in_2", 3 0, L_0x7fc80d7770a8;  1 drivers
v0x56424ee72e50_0 .var "out", 3 0;
v0x56424ee72f50_0 .net "sel", 0 0, L_0x56424ee77900;  alias, 1 drivers
E_0x56424ee72bf0 .event edge, v0x56424ee716f0_0, v0x56424ee72c70_0, v0x56424ee72d70_0;
S_0x56424ee73080 .scope module, "m4" "MUX" 2 63, 8 1 0, S_0x56424edd37a0;
 .timescale 0 0;
    .port_info 0 /INPUT 32 "in_1";
    .port_info 1 /INPUT 32 "in_2";
    .port_info 2 /INPUT 1 "sel";
    .port_info 3 /OUTPUT 32 "out";
P_0x56424ee73260 .param/l "WIDTH" 0 8 1, +C4<00000000000000000000000000100000>;
v0x56424ee73420_0 .net "in_1", 31 0, v0x56424ee378f0_0;  alias, 1 drivers
v0x56424ee73530_0 .net "in_2", 31 0, v0x56424ee74ad0_0;  alias, 1 drivers
v0x56424ee735f0_0 .var "out", 31 0;
v0x56424ee736e0_0 .net "sel", 0 0, L_0x56424ee7c5f0;  alias, 1 drivers
E_0x56424ee733a0 .event edge, v0x56424ee6aab0_0, v0x56424ee378f0_0, v0x56424ee73530_0;
S_0x56424ee73850 .scope module, "m_alu" "M_ALU" 2 45, 9 1 0, S_0x56424edd37a0;
 .timescale 0 0;
    .port_info 0 /INPUT 8 "A";
    .port_info 1 /INPUT 8 "B";
    .port_info 2 /INPUT 4 "SEL_TMP";
    .port_info 3 /OUTPUT 8 "ALU_OUT_TMP";
    .port_info 4 /OUTPUT 4 "FLAG_TMP";
v0x56424ee73b60_0 .net "A", 7 0, v0x56424ee71f30_0;  alias, 1 drivers
v0x56424ee73c40_0 .var "ALU_OUT_TMP", 7 0;
v0x56424ee73d00_0 .net "B", 7 0, v0x56424ee72680_0;  alias, 1 drivers
v0x56424ee73e20_0 .var "FLAG_TMP", 3 0;
v0x56424ee73ec0_0 .net "SEL_TMP", 3 0, v0x56424ee72e50_0;  alias, 1 drivers
v0x56424ee74000_0 .var "cf", 0 0;
v0x56424ee740c0_0 .var "neg", 7 0;
v0x56424ee741a0_0 .var "of", 0 0;
v0x56424ee74260_0 .var "uf", 0 0;
v0x56424ee743b0_0 .var "zf", 0 0;
E_0x56424ee73ab0/0 .event edge, v0x56424ee377f0_0, v0x56424ee38790_0, v0x56424ee38890_0, v0x56424ee740c0_0;
E_0x56424ee73ab0/1 .event edge, v0x56424ee38010_0, v0x56424ee74260_0, v0x56424ee741a0_0, v0x56424ee74000_0;
E_0x56424ee73ab0/2 .event edge, v0x56424ee743b0_0;
E_0x56424ee73ab0 .event/or E_0x56424ee73ab0/0, E_0x56424ee73ab0/1, E_0x56424ee73ab0/2;
S_0x56424ee74510 .scope module, "memory" "MEMORY" 2 60, 10 1 0, S_0x56424edd37a0;
 .timescale 0 0;
    .port_info 0 /INPUT 32 "Din";
    .port_info 1 /INPUT 8 "Addr";
    .port_info 2 /INPUT 1 "rw";
    .port_info 3 /INPUT 1 "Valid";
    .port_info 4 /INPUT 1 "reset";
    .port_info 5 /INPUT 1 "clk";
    .port_info 6 /OUTPUT 32 "Dout";
P_0x56424ee746a0 .param/l "WIDTH" 0 10 1, +C4<00000000000000000000000000001000>;
v0x56424ee748c0_0 .net "Addr", 7 0, v0x56424ee76350_0;  1 drivers
v0x56424ee749c0_0 .net "Din", 31 0, v0x56424ee378f0_0;  alias, 1 drivers
v0x56424ee74ad0_0 .var "Dout", 31 0;
v0x56424ee74b70 .array "Mem", 255 0, 31 0;
v0x56424ee74c10_0 .net "Valid", 0 0, v0x56424ee6a7b0_0;  alias, 1 drivers
v0x56424ee74d00_0 .net "clk", 0 0, v0x56424ee76750_0;  alias, 1 drivers
v0x56424ee74da0_0 .var/i "pos", 31 0;
v0x56424ee74e60_0 .net "reset", 0 0, L_0x56424ee77900;  alias, 1 drivers
v0x56424ee74f00_0 .net "rw", 0 0, v0x56424ee6ae00_0;  alias, 1 drivers
S_0x56424ee75160 .scope module, "reg_shift_pload" "REG_SHIFT_PLOAD" 2 67, 11 1 0, S_0x56424edd37a0;
 .timescale 0 0;
    .port_info 0 /INPUT 32 "Din";
    .port_info 1 /INPUT 1 "p_load";
    .port_info 2 /INPUT 1 "start_tx";
    .port_info 3 /INPUT 1 "reset";
    .port_info 4 /INPUT 1 "clk";
    .port_info 5 /INPUT 1 "clk_tx";
    .port_info 6 /OUTPUT 1 "tx_done";
    .port_info 7 /OUTPUT 1 "tx_busy";
    .port_info 8 /OUTPUT 1 "Dout";
v0x56424ee75410_0 .net "Din", 31 0, v0x56424ee735f0_0;  alias, 1 drivers
v0x56424ee75520_0 .var "Dout", 0 0;
v0x56424ee755c0_0 .var "buffer", 31 0;
v0x56424ee756b0_0 .net "clk", 0 0, v0x56424ee76750_0;  alias, 1 drivers
v0x56424ee75750_0 .net "clk_tx", 0 0, v0x56424ee71260_0;  alias, 1 drivers
v0x56424ee75840_0 .net "p_load", 0 0, v0x56424ee6abc0_0;  alias, 1 drivers
v0x56424ee75910_0 .var/i "pos", 31 0;
v0x56424ee759b0_0 .var "r_v", 0 0;
v0x56424ee75a70_0 .net "reset", 0 0, L_0x56424ee77900;  alias, 1 drivers
v0x56424ee75ba0_0 .net "start_tx", 0 0, v0x56424ee6b080_0;  alias, 1 drivers
v0x56424ee75c40_0 .var "tx_busy", 0 0;
v0x56424ee75d00_0 .var "tx_done", 0 0;
E_0x56424ee747d0 .event posedge, v0x56424ee716f0_0, v0x56424ee71260_0;
    .scope S_0x56424ee71a20;
T_0 ;
    %wait E_0x56424ee511f0;
    %load/vec4 v0x56424ee72030_0;
    %dup/vec4;
    %pushi/vec4 0, 0, 1;
    %cmp/u;
    %jmp/1 T_0.0, 6;
    %dup/vec4;
    %pushi/vec4 1, 0, 1;
    %cmp/u;
    %jmp/1 T_0.1, 6;
    %pushi/vec4 255, 255, 8;
    %store/vec4 v0x56424ee71f30_0, 0, 8;
    %jmp T_0.3;
T_0.0 ;
    %load/vec4 v0x56424ee71d50_0;
    %store/vec4 v0x56424ee71f30_0, 0, 8;
    %jmp T_0.3;
T_0.1 ;
    %load/vec4 v0x56424ee71e50_0;
    %store/vec4 v0x56424ee71f30_0, 0, 8;
    %jmp T_0.3;
T_0.3 ;
    %pop/vec4 1;
    %jmp T_0;
    .thread T_0, $push;
    .scope S_0x56424ee72170;
T_1 ;
    %wait E_0x56424ee72420;
    %load/vec4 v0x56424ee72780_0;
    %dup/vec4;
    %pushi/vec4 0, 0, 1;
    %cmp/u;
    %jmp/1 T_1.0, 6;
    %dup/vec4;
    %pushi/vec4 1, 0, 1;
    %cmp/u;
    %jmp/1 T_1.1, 6;
    %pushi/vec4 255, 255, 8;
    %store/vec4 v0x56424ee72680_0, 0, 8;
    %jmp T_1.3;
T_1.0 ;
    %load/vec4 v0x56424ee724a0_0;
    %store/vec4 v0x56424ee72680_0, 0, 8;
    %jmp T_1.3;
T_1.1 ;
    %load/vec4 v0x56424ee725a0_0;
    %store/vec4 v0x56424ee72680_0, 0, 8;
    %jmp T_1.3;
T_1.3 ;
    %pop/vec4 1;
    %jmp T_1;
    .thread T_1, $push;
    .scope S_0x56424ee728d0;
T_2 ;
    %wait E_0x56424ee72bf0;
    %load/vec4 v0x56424ee72f50_0;
    %dup/vec4;
    %pushi/vec4 0, 0, 1;
    %cmp/u;
    %jmp/1 T_2.0, 6;
    %dup/vec4;
    %pushi/vec4 1, 0, 1;
    %cmp/u;
    %jmp/1 T_2.1, 6;
    %pushi/vec4 15, 15, 4;
    %store/vec4 v0x56424ee72e50_0, 0, 4;
    %jmp T_2.3;
T_2.0 ;
    %load/vec4 v0x56424ee72c70_0;
    %store/vec4 v0x56424ee72e50_0, 0, 4;
    %jmp T_2.3;
T_2.1 ;
    %load/vec4 v0x56424ee72d70_0;
    %store/vec4 v0x56424ee72e50_0, 0, 4;
    %jmp T_2.3;
T_2.3 ;
    %pop/vec4 1;
    %jmp T_2;
    .thread T_2, $push;
    .scope S_0x56424ee73850;
T_3 ;
    %pushi/vec4 0, 0, 1;
    %store/vec4 v0x56424ee743b0_0, 0, 1;
    %pushi/vec4 0, 0, 1;
    %store/vec4 v0x56424ee74000_0, 0, 1;
    %pushi/vec4 0, 0, 1;
    %store/vec4 v0x56424ee741a0_0, 0, 1;
    %pushi/vec4 0, 0, 1;
    %store/vec4 v0x56424ee74260_0, 0, 1;
    %end;
    .thread T_3;
    .scope S_0x56424ee73850;
T_4 ;
    %wait E_0x56424ee73ab0;
    %pushi/vec4 0, 0, 1;
    %store/vec4 v0x56424ee743b0_0, 0, 1;
    %pushi/vec4 0, 0, 1;
    %store/vec4 v0x56424ee74000_0, 0, 1;
    %pushi/vec4 0, 0, 1;
    %store/vec4 v0x56424ee741a0_0, 0, 1;
    %pushi/vec4 0, 0, 1;
    %store/vec4 v0x56424ee74260_0, 0, 1;
    %load/vec4 v0x56424ee73ec0_0;
    %dup/vec4;
    %pushi/vec4 0, 0, 4;
    %cmp/u;
    %jmp/1 T_4.0, 6;
    %dup/vec4;
    %pushi/vec4 1, 0, 4;
    %cmp/u;
    %jmp/1 T_4.1, 6;
    %dup/vec4;
    %pushi/vec4 2, 0, 4;
    %cmp/u;
    %jmp/1 T_4.2, 6;
    %dup/vec4;
    %pushi/vec4 3, 0, 4;
    %cmp/u;
    %jmp/1 T_4.3, 6;
    %dup/vec4;
    %pushi/vec4 4, 0, 4;
    %cmp/u;
    %jmp/1 T_4.4, 6;
    %dup/vec4;
    %pushi/vec4 5, 0, 4;
    %cmp/u;
    %jmp/1 T_4.5, 6;
    %dup/vec4;
    %pushi/vec4 6, 0, 4;
    %cmp/u;
    %jmp/1 T_4.6, 6;
    %dup/vec4;
    %pushi/vec4 7, 0, 4;
    %cmp/u;
    %jmp/1 T_4.7, 6;
    %dup/vec4;
    %pushi/vec4 8, 0, 4;
    %cmp/u;
    %jmp/1 T_4.8, 6;
    %dup/vec4;
    %pushi/vec4 9, 0, 4;
    %cmp/u;
    %jmp/1 T_4.9, 6;
    %dup/vec4;
    %pushi/vec4 10, 0, 4;
    %cmp/u;
    %jmp/1 T_4.10, 6;
    %dup/vec4;
    %pushi/vec4 11, 0, 4;
    %cmp/u;
    %jmp/1 T_4.11, 6;
    %pushi/vec4 0, 0, 8;
    %store/vec4 v0x56424ee73c40_0, 0, 8;
    %pushi/vec4 0, 0, 4;
    %store/vec4 v0x56424ee73e20_0, 0, 4;
    %jmp T_4.13;
T_4.0 ;
    %load/vec4 v0x56424ee73b60_0;
    %pad/u 9;
    %load/vec4 v0x56424ee73d00_0;
    %pad/u 9;
    %add;
    %split/vec4 8;
    %store/vec4 v0x56424ee73c40_0, 0, 8;
    %store/vec4 v0x56424ee74000_0, 0, 1;
    %jmp T_4.13;
T_4.1 ;
    %load/vec4 v0x56424ee73b60_0;
    %load/vec4 v0x56424ee73d00_0;
    %cmp/u;
    %jmp/0xz  T_4.14, 5;
    %pushi/vec4 1, 0, 1;
    %store/vec4 v0x56424ee74260_0, 0, 1;
T_4.14 ;
    %load/vec4 v0x56424ee73d00_0;
    %inv;
    %addi 1, 0, 8;
    %store/vec4 v0x56424ee740c0_0, 0, 8;
    %load/vec4 v0x56424ee73b60_0;
    %load/vec4 v0x56424ee740c0_0;
    %add;
    %store/vec4 v0x56424ee73c40_0, 0, 8;
    %jmp T_4.13;
T_4.2 ;
    %pushi/vec4 15, 0, 8;
    %load/vec4 v0x56424ee73b60_0;
    %cmp/u;
    %flag_get/vec4 5;
    %pushi/vec4 15, 0, 8;
    %load/vec4 v0x56424ee73d00_0;
    %cmp/u;
    %flag_get/vec4 5;
    %and;
    %flag_set/vec4 8;
    %jmp/0xz  T_4.16, 8;
    %pushi/vec4 1, 0, 1;
    %store/vec4 v0x56424ee741a0_0, 0, 1;
T_4.16 ;
    %load/vec4 v0x56424ee73b60_0;
    %load/vec4 v0x56424ee73d00_0;
    %mul;
    %store/vec4 v0x56424ee73c40_0, 0, 8;
    %jmp T_4.13;
T_4.3 ;
    %load/vec4 v0x56424ee73b60_0;
    %load/vec4 v0x56424ee73d00_0;
    %cmp/u;
    %jmp/0xz  T_4.18, 5;
    %pushi/vec4 1, 0, 1;
    %store/vec4 v0x56424ee74260_0, 0, 1;
T_4.18 ;
    %load/vec4 v0x56424ee73b60_0;
    %load/vec4 v0x56424ee73d00_0;
    %div;
    %store/vec4 v0x56424ee73c40_0, 0, 8;
    %jmp T_4.13;
T_4.4 ;
    %load/vec4 v0x56424ee73b60_0;
    %pad/u 9;
    %ix/getv 4, v0x56424ee73d00_0;
    %shiftl 4;
    %split/vec4 8;
    %store/vec4 v0x56424ee73c40_0, 0, 8;
    %store/vec4 v0x56424ee74000_0, 0, 1;
    %jmp T_4.13;
T_4.5 ;
    %load/vec4 v0x56424ee73b60_0;
    %pad/u 9;
    %ix/getv 4, v0x56424ee73d00_0;
    %shiftr 4;
    %split/vec4 1;
    %store/vec4 v0x56424ee74000_0, 0, 1;
    %store/vec4 v0x56424ee73c40_0, 0, 8;
    %jmp T_4.13;
T_4.6 ;
    %load/vec4 v0x56424ee73b60_0;
    %load/vec4 v0x56424ee73d00_0;
    %and;
    %store/vec4 v0x56424ee73c40_0, 0, 8;
    %jmp T_4.13;
T_4.7 ;
    %load/vec4 v0x56424ee73b60_0;
    %load/vec4 v0x56424ee73d00_0;
    %or;
    %store/vec4 v0x56424ee73c40_0, 0, 8;
    %jmp T_4.13;
T_4.8 ;
    %load/vec4 v0x56424ee73b60_0;
    %load/vec4 v0x56424ee73d00_0;
    %xor;
    %store/vec4 v0x56424ee73c40_0, 0, 8;
    %jmp T_4.13;
T_4.9 ;
    %load/vec4 v0x56424ee73b60_0;
    %load/vec4 v0x56424ee73d00_0;
    %xnor;
    %store/vec4 v0x56424ee73c40_0, 0, 8;
    %jmp T_4.13;
T_4.10 ;
    %load/vec4 v0x56424ee73b60_0;
    %load/vec4 v0x56424ee73d00_0;
    %nand;
    %store/vec4 v0x56424ee73c40_0, 0, 8;
    %jmp T_4.13;
T_4.11 ;
    %load/vec4 v0x56424ee73b60_0;
    %load/vec4 v0x56424ee73d00_0;
    %nor;
    %store/vec4 v0x56424ee73c40_0, 0, 8;
    %jmp T_4.13;
T_4.13 ;
    %pop/vec4 1;
    %load/vec4 v0x56424ee73c40_0;
    %pad/u 32;
    %pushi/vec4 0, 0, 32;
    %cmp/e;
    %flag_get/vec4 4;
    %load/vec4 v0x56424ee73ec0_0;
    %cmpi/u 11, 0, 4;
    %flag_get/vec4 4;
    %flag_get/vec4 5;
    %or;
    %and;
    %flag_set/vec4 8;
    %jmp/0xz  T_4.20, 8;
    %pushi/vec4 1, 0, 1;
    %store/vec4 v0x56424ee743b0_0, 0, 1;
T_4.20 ;
    %load/vec4 v0x56424ee74260_0;
    %load/vec4 v0x56424ee741a0_0;
    %concat/vec4; draw_concat_vec4
    %load/vec4 v0x56424ee74000_0;
    %concat/vec4; draw_concat_vec4
    %load/vec4 v0x56424ee743b0_0;
    %concat/vec4; draw_concat_vec4
    %store/vec4 v0x56424ee73e20_0, 0, 4;
    %jmp T_4;
    .thread T_4, $push;
    .scope S_0x56424edd3930;
T_5 ;
    %wait E_0x56424edd2e70;
    %load/vec4 v0x56424ee377f0_0;
    %load/vec4 v0x56424ee38110_0;
    %concat/vec4; draw_concat_vec4
    %load/vec4 v0x56424ee38010_0;
    %concat/vec4; draw_concat_vec4
    %load/vec4 v0x56424ee38890_0;
    %concat/vec4; draw_concat_vec4
    %load/vec4 v0x56424ee38790_0;
    %concat/vec4; draw_concat_vec4
    %store/vec4 v0x56424ee378f0_0, 0, 32;
    %jmp T_5;
    .thread T_5, $push;
    .scope S_0x56424ee6bb50;
T_6 ;
    %wait E_0x56424ee50f50;
    %load/vec4 v0x56424ee6bf30_0;
    %flag_set/vec4 8;
    %jmp/0xz  T_6.0, 8;
    %pushi/vec4 0, 0, 1;
    %assign/vec4 v0x56424ee6be90_0, 0;
    %jmp T_6.1;
T_6.0 ;
    %load/vec4 v0x56424ee6bdf0_0;
    %assign/vec4 v0x56424ee6be90_0, 0;
T_6.1 ;
    %jmp T_6;
    .thread T_6;
    .scope S_0x56424ee6c030;
T_7 ;
    %wait E_0x56424ee50f50;
    %load/vec4 v0x56424ee6c480_0;
    %flag_set/vec4 8;
    %jmp/0xz  T_7.0, 8;
    %pushi/vec4 0, 0, 1;
    %assign/vec4 v0x56424ee6c3e0_0, 0;
    %jmp T_7.1;
T_7.0 ;
    %load/vec4 v0x56424ee6c320_0;
    %assign/vec4 v0x56424ee6c3e0_0, 0;
T_7.1 ;
    %jmp T_7;
    .thread T_7;
    .scope S_0x56424ee6c5f0;
T_8 ;
    %wait E_0x56424ee50f50;
    %load/vec4 v0x56424ee6ca00_0;
    %flag_set/vec4 8;
    %jmp/0xz  T_8.0, 8;
    %pushi/vec4 0, 0, 1;
    %assign/vec4 v0x56424ee6c930_0, 0;
    %jmp T_8.1;
T_8.0 ;
    %load/vec4 v0x56424ee6c870_0;
    %assign/vec4 v0x56424ee6c930_0, 0;
T_8.1 ;
    %jmp T_8;
    .thread T_8;
    .scope S_0x56424ee69f20;
T_9 ;
    %wait E_0x56424ee511b0;
    %load/vec4 v0x56424ee6aec0_0;
    %dup/vec4;
    %pushi/vec4 0, 0, 3;
    %cmp/u;
    %jmp/1 T_9.0, 6;
    %dup/vec4;
    %pushi/vec4 1, 0, 3;
    %cmp/u;
    %jmp/1 T_9.1, 6;
    %dup/vec4;
    %pushi/vec4 3, 0, 3;
    %cmp/u;
    %jmp/1 T_9.2, 6;
    %dup/vec4;
    %pushi/vec4 2, 0, 3;
    %cmp/u;
    %jmp/1 T_9.3, 6;
    %dup/vec4;
    %pushi/vec4 6, 0, 3;
    %cmp/u;
    %jmp/1 T_9.4, 6;
    %dup/vec4;
    %pushi/vec4 7, 0, 3;
    %cmp/u;
    %jmp/1 T_9.5, 6;
    %dup/vec4;
    %pushi/vec4 5, 0, 3;
    %cmp/u;
    %jmp/1 T_9.6, 6;
    %pushi/vec4 0, 0, 3;
    %store/vec4 v0x56424ee6afa0_0, 0, 3;
    %jmp T_9.8;
T_9.0 ;
    %load/vec4 v0x56424ee6b200_0;
    %pad/u 32;
    %pushi/vec4 1, 0, 32;
    %cmp/e;
    %flag_get/vec4 4;
    %load/vec4 v0x56424ee6ad40_0;
    %pad/u 32;
    %pushi/vec4 0, 0, 32;
    %cmp/e;
    %flag_get/vec4 4;
    %and;
    %load/vec4 v0x56424ee6a890_0;
    %pad/u 32;
    %pushi/vec4 1, 0, 32;
    %cmp/e;
    %flag_get/vec4 4;
    %and;
    %load/vec4 v0x56424ee6aab0_0;
    %pad/u 32;
    %pushi/vec4 1, 0, 32;
    %cmp/e;
    %flag_get/vec4 4;
    %and;
    %flag_set/vec4 8;
    %jmp/0xz  T_9.9, 8;
    %pushi/vec4 1, 0, 3;
    %store/vec4 v0x56424ee6afa0_0, 0, 3;
    %jmp T_9.10;
T_9.9 ;
    %load/vec4 v0x56424ee6b200_0;
    %pad/u 32;
    %pushi/vec4 1, 0, 32;
    %cmp/e;
    %flag_get/vec4 4;
    %load/vec4 v0x56424ee6ad40_0;
    %pad/u 32;
    %pushi/vec4 1, 0, 32;
    %cmp/e;
    %flag_get/vec4 4;
    %and;
    %load/vec4 v0x56424ee6a890_0;
    %pad/u 32;
    %pushi/vec4 1, 0, 32;
    %cmp/e;
    %flag_get/vec4 4;
    %and;
    %load/vec4 v0x56424ee6aab0_0;
    %pad/u 32;
    %pushi/vec4 1, 0, 32;
    %cmp/e;
    %flag_get/vec4 4;
    %and;
    %flag_set/vec4 8;
    %jmp/0xz  T_9.11, 8;
    %pushi/vec4 6, 0, 3;
    %store/vec4 v0x56424ee6afa0_0, 0, 3;
    %jmp T_9.12;
T_9.11 ;
    %load/vec4 v0x56424ee6b200_0;
    %pad/u 32;
    %pushi/vec4 1, 0, 32;
    %cmp/e;
    %flag_get/vec4 4;
    %load/vec4 v0x56424ee6a890_0;
    %pad/u 32;
    %pushi/vec4 1, 0, 32;
    %cmp/e;
    %flag_get/vec4 4;
    %and;
    %load/vec4 v0x56424ee6aab0_0;
    %pad/u 32;
    %pushi/vec4 0, 0, 32;
    %cmp/e;
    %flag_get/vec4 4;
    %and;
    %flag_set/vec4 8;
    %jmp/0xz  T_9.13, 8;
    %pushi/vec4 7, 0, 3;
    %store/vec4 v0x56424ee6afa0_0, 0, 3;
T_9.13 ;
T_9.12 ;
T_9.10 ;
    %jmp T_9.8;
T_9.1 ;
    %load/vec4 v0x56424ee6a890_0;
    %pad/u 32;
    %pushi/vec4 1, 0, 32;
    %cmp/e;
    %flag_get/vec4 4;
    %load/vec4 v0x56424ee6aab0_0;
    %pad/u 32;
    %pushi/vec4 1, 0, 32;
    %cmp/e;
    %flag_get/vec4 4;
    %and;
    %flag_set/vec4 8;
    %jmp/0xz  T_9.15, 8;
    %pushi/vec4 3, 0, 3;
    %store/vec4 v0x56424ee6afa0_0, 0, 3;
    %jmp T_9.16;
T_9.15 ;
    %pushi/vec4 0, 0, 3;
    %store/vec4 v0x56424ee6afa0_0, 0, 3;
T_9.16 ;
    %jmp T_9.8;
T_9.2 ;
    %load/vec4 v0x56424ee6a890_0;
    %pad/u 32;
    %pushi/vec4 1, 0, 32;
    %cmp/e;
    %flag_get/vec4 4;
    %load/vec4 v0x56424ee6aab0_0;
    %pad/u 32;
    %pushi/vec4 1, 0, 32;
    %cmp/e;
    %flag_get/vec4 4;
    %and;
    %flag_set/vec4 8;
    %jmp/0xz  T_9.17, 8;
    %pushi/vec4 2, 0, 3;
    %store/vec4 v0x56424ee6afa0_0, 0, 3;
    %jmp T_9.18;
T_9.17 ;
    %pushi/vec4 0, 0, 3;
    %store/vec4 v0x56424ee6afa0_0, 0, 3;
T_9.18 ;
    %jmp T_9.8;
T_9.3 ;
    %load/vec4 v0x56424ee6a890_0;
    %pad/u 32;
    %pushi/vec4 1, 0, 32;
    %cmp/e;
    %flag_get/vec4 4;
    %load/vec4 v0x56424ee6aab0_0;
    %pad/u 32;
    %pushi/vec4 1, 0, 32;
    %cmp/e;
    %flag_get/vec4 4;
    %and;
    %load/vec4 v0x56424ee6b140_0;
    %pad/u 32;
    %pushi/vec4 0, 0, 32;
    %cmp/e;
    %flag_get/vec4 4;
    %and;
    %flag_set/vec4 8;
    %jmp/0xz  T_9.19, 8;
    %pushi/vec4 2, 0, 3;
    %store/vec4 v0x56424ee6afa0_0, 0, 3;
    %jmp T_9.20;
T_9.19 ;
    %pushi/vec4 0, 0, 3;
    %store/vec4 v0x56424ee6afa0_0, 0, 3;
T_9.20 ;
    %jmp T_9.8;
T_9.4 ;
    %pushi/vec4 0, 0, 3;
    %store/vec4 v0x56424ee6afa0_0, 0, 3;
    %jmp T_9.8;
T_9.5 ;
    %load/vec4 v0x56424ee6a890_0;
    %pad/u 32;
    %pushi/vec4 1, 0, 32;
    %cmp/e;
    %flag_get/vec4 4;
    %load/vec4 v0x56424ee6aab0_0;
    %pad/u 32;
    %pushi/vec4 0, 0, 32;
    %cmp/e;
    %flag_get/vec4 4;
    %and;
    %flag_set/vec4 8;
    %jmp/0xz  T_9.21, 8;
    %pushi/vec4 5, 0, 3;
    %store/vec4 v0x56424ee6afa0_0, 0, 3;
    %jmp T_9.22;
T_9.21 ;
    %pushi/vec4 0, 0, 3;
    %store/vec4 v0x56424ee6afa0_0, 0, 3;
T_9.22 ;
    %jmp T_9.8;
T_9.6 ;
    %load/vec4 v0x56424ee6a890_0;
    %pad/u 32;
    %pushi/vec4 1, 0, 32;
    %cmp/e;
    %flag_get/vec4 4;
    %load/vec4 v0x56424ee6aab0_0;
    %pad/u 32;
    %pushi/vec4 0, 0, 32;
    %cmp/e;
    %flag_get/vec4 4;
    %and;
    %load/vec4 v0x56424ee6b140_0;
    %pad/u 32;
    %pushi/vec4 0, 0, 32;
    %cmp/e;
    %flag_get/vec4 4;
    %and;
    %flag_set/vec4 8;
    %jmp/0xz  T_9.23, 8;
    %pushi/vec4 5, 0, 3;
    %store/vec4 v0x56424ee6afa0_0, 0, 3;
    %jmp T_9.24;
T_9.23 ;
    %pushi/vec4 0, 0, 3;
    %store/vec4 v0x56424ee6afa0_0, 0, 3;
T_9.24 ;
    %jmp T_9.8;
T_9.8 ;
    %pop/vec4 1;
    %jmp T_9;
    .thread T_9, $push;
    .scope S_0x56424ee69f20;
T_10 ;
    %wait E_0x56424ee50f50;
    %load/vec4 v0x56424ee6ac80_0;
    %flag_set/vec4 8;
    %jmp/0xz  T_10.0, 8;
    %pushi/vec4 0, 0, 3;
    %assign/vec4 v0x56424ee6aec0_0, 0;
    %jmp T_10.1;
T_10.0 ;
    %load/vec4 v0x56424ee6afa0_0;
    %assign/vec4 v0x56424ee6aec0_0, 0;
T_10.1 ;
    %jmp T_10;
    .thread T_10;
    .scope S_0x56424ee69f20;
T_11 ;
    %wait E_0x56424edd2e30;
    %load/vec4 v0x56424ee6aec0_0;
    %dup/vec4;
    %pushi/vec4 0, 0, 3;
    %cmp/u;
    %jmp/1 T_11.0, 6;
    %dup/vec4;
    %pushi/vec4 1, 0, 3;
    %cmp/u;
    %jmp/1 T_11.1, 6;
    %dup/vec4;
    %pushi/vec4 3, 0, 3;
    %cmp/u;
    %jmp/1 T_11.2, 6;
    %dup/vec4;
    %pushi/vec4 2, 0, 3;
    %cmp/u;
    %jmp/1 T_11.3, 6;
    %dup/vec4;
    %pushi/vec4 6, 0, 3;
    %cmp/u;
    %jmp/1 T_11.4, 6;
    %dup/vec4;
    %pushi/vec4 7, 0, 3;
    %cmp/u;
    %jmp/1 T_11.5, 6;
    %dup/vec4;
    %pushi/vec4 5, 0, 3;
    %cmp/u;
    %jmp/1 T_11.6, 6;
    %jmp T_11.7;
T_11.0 ;
    %pushi/vec4 0, 0, 1;
    %store/vec4 v0x56424ee6a7b0_0, 0, 1;
    %pushi/vec4 0, 0, 1;
    %store/vec4 v0x56424ee6ae00_0, 0, 1;
    %pushi/vec4 0, 0, 1;
    %store/vec4 v0x56424ee6abc0_0, 0, 1;
    %pushi/vec4 0, 0, 1;
    %store/vec4 v0x56424ee6b080_0, 0, 1;
    %pushi/vec4 0, 0, 1;
    %store/vec4 v0x56424ee6a950_0, 0, 1;
    %jmp T_11.7;
T_11.1 ;
    %pushi/vec4 1, 0, 1;
    %store/vec4 v0x56424ee6a7b0_0, 0, 1;
    %pushi/vec4 0, 0, 1;
    %store/vec4 v0x56424ee6ae00_0, 0, 1;
    %pushi/vec4 0, 0, 1;
    %store/vec4 v0x56424ee6abc0_0, 0, 1;
    %pushi/vec4 0, 0, 1;
    %store/vec4 v0x56424ee6b080_0, 0, 1;
    %pushi/vec4 1, 0, 1;
    %store/vec4 v0x56424ee6a950_0, 0, 1;
    %jmp T_11.7;
T_11.2 ;
    %pushi/vec4 0, 0, 1;
    %store/vec4 v0x56424ee6a7b0_0, 0, 1;
    %pushi/vec4 0, 0, 1;
    %store/vec4 v0x56424ee6ae00_0, 0, 1;
    %pushi/vec4 1, 0, 1;
    %store/vec4 v0x56424ee6abc0_0, 0, 1;
    %pushi/vec4 0, 0, 1;
    %store/vec4 v0x56424ee6b080_0, 0, 1;
    %pushi/vec4 1, 0, 1;
    %store/vec4 v0x56424ee6a950_0, 0, 1;
    %jmp T_11.7;
T_11.3 ;
    %pushi/vec4 0, 0, 1;
    %store/vec4 v0x56424ee6a7b0_0, 0, 1;
    %pushi/vec4 0, 0, 1;
    %store/vec4 v0x56424ee6ae00_0, 0, 1;
    %pushi/vec4 0, 0, 1;
    %store/vec4 v0x56424ee6abc0_0, 0, 1;
    %pushi/vec4 1, 0, 1;
    %store/vec4 v0x56424ee6b080_0, 0, 1;
    %pushi/vec4 1, 0, 1;
    %store/vec4 v0x56424ee6a950_0, 0, 1;
    %jmp T_11.7;
T_11.4 ;
    %pushi/vec4 1, 0, 1;
    %store/vec4 v0x56424ee6a7b0_0, 0, 1;
    %pushi/vec4 1, 0, 1;
    %store/vec4 v0x56424ee6ae00_0, 0, 1;
    %pushi/vec4 0, 0, 1;
    %store/vec4 v0x56424ee6abc0_0, 0, 1;
    %pushi/vec4 0, 0, 1;
    %store/vec4 v0x56424ee6b080_0, 0, 1;
    %pushi/vec4 0, 0, 1;
    %store/vec4 v0x56424ee6a950_0, 0, 1;
    %jmp T_11.7;
T_11.5 ;
    %pushi/vec4 0, 0, 1;
    %store/vec4 v0x56424ee6a7b0_0, 0, 1;
    %pushi/vec4 0, 0, 1;
    %store/vec4 v0x56424ee6ae00_0, 0, 1;
    %pushi/vec4 1, 0, 1;
    %store/vec4 v0x56424ee6abc0_0, 0, 1;
    %pushi/vec4 0, 0, 1;
    %store/vec4 v0x56424ee6b080_0, 0, 1;
    %pushi/vec4 1, 0, 1;
    %store/vec4 v0x56424ee6a950_0, 0, 1;
    %jmp T_11.7;
T_11.6 ;
    %pushi/vec4 0, 0, 1;
    %store/vec4 v0x56424ee6a7b0_0, 0, 1;
    %pushi/vec4 0, 0, 1;
    %store/vec4 v0x56424ee6ae00_0, 0, 1;
    %pushi/vec4 0, 0, 1;
    %store/vec4 v0x56424ee6abc0_0, 0, 1;
    %pushi/vec4 1, 0, 1;
    %store/vec4 v0x56424ee6b080_0, 0, 1;
    %pushi/vec4 1, 0, 1;
    %store/vec4 v0x56424ee6a950_0, 0, 1;
    %jmp T_11.7;
T_11.7 ;
    %pop/vec4 1;
    %jmp T_11;
    .thread T_11, $push;
    .scope S_0x56424ee74510;
T_12 ;
    %wait E_0x56424ee71040;
    %load/vec4 v0x56424ee74e60_0;
    %flag_set/vec4 8;
    %jmp/0xz  T_12.0, 8;
    %pushi/vec4 0, 0, 32;
    %store/vec4 v0x56424ee74da0_0, 0, 32;
T_12.2 ;
    %load/vec4 v0x56424ee74da0_0;
    %cmpi/u 256, 0, 32;
    %jmp/0xz T_12.3, 5;
    %pushi/vec4 0, 0, 32;
    %ix/getv/s 3, v0x56424ee74da0_0;
    %ix/load 4, 0, 0; Constant delay
    %assign/vec4/a/d v0x56424ee74b70, 0, 4;
    %load/vec4 v0x56424ee74da0_0;
    %addi 1, 0, 32;
    %store/vec4 v0x56424ee74da0_0, 0, 32;
    %jmp T_12.2;
T_12.3 ;
    %pushi/vec4 0, 0, 32;
    %assign/vec4 v0x56424ee74ad0_0, 0;
    %jmp T_12.1;
T_12.0 ;
    %load/vec4 v0x56424ee74c10_0;
    %flag_set/vec4 8;
    %jmp/0xz  T_12.4, 8;
    %load/vec4 v0x56424ee74f00_0;
    %flag_set/vec4 8;
    %jmp/0xz  T_12.6, 8;
    %load/vec4 v0x56424ee749c0_0;
    %load/vec4 v0x56424ee748c0_0;
    %pad/u 10;
    %ix/vec4 3;
    %ix/load 4, 0, 0; Constant delay
    %assign/vec4/a/d v0x56424ee74b70, 0, 4;
    %pushi/vec4 0, 4294967295, 32;
    %assign/vec4 v0x56424ee74ad0_0, 0;
    %jmp T_12.7;
T_12.6 ;
    %load/vec4 v0x56424ee748c0_0;
    %pad/u 10;
    %ix/vec4 4;
    %load/vec4a v0x56424ee74b70, 4;
    %assign/vec4 v0x56424ee74ad0_0, 0;
T_12.7 ;
    %jmp T_12.5;
T_12.4 ;
    %pushi/vec4 0, 4294967295, 32;
    %assign/vec4 v0x56424ee74ad0_0, 0;
T_12.5 ;
T_12.1 ;
    %jmp T_12;
    .thread T_12;
    .scope S_0x56424ee73080;
T_13 ;
    %wait E_0x56424ee733a0;
    %load/vec4 v0x56424ee736e0_0;
    %dup/vec4;
    %pushi/vec4 0, 0, 1;
    %cmp/u;
    %jmp/1 T_13.0, 6;
    %dup/vec4;
    %pushi/vec4 1, 0, 1;
    %cmp/u;
    %jmp/1 T_13.1, 6;
    %pushi/vec4 4294967295, 4294967295, 32;
    %store/vec4 v0x56424ee735f0_0, 0, 32;
    %jmp T_13.3;
T_13.0 ;
    %load/vec4 v0x56424ee73420_0;
    %store/vec4 v0x56424ee735f0_0, 0, 32;
    %jmp T_13.3;
T_13.1 ;
    %load/vec4 v0x56424ee73530_0;
    %store/vec4 v0x56424ee735f0_0, 0, 32;
    %jmp T_13.3;
T_13.3 ;
    %pop/vec4 1;
    %jmp T_13;
    .thread T_13, $push;
    .scope S_0x56424ee70d70;
T_14 ;
    %pushi/vec4 1, 0, 32;
    %store/vec4 v0x56424ee71840_0, 0, 32;
    %pushi/vec4 0, 0, 32;
    %store/vec4 v0x56424ee713d0_0, 0, 32;
    %pushi/vec4 0, 0, 32;
    %store/vec4 v0x56424ee71610_0, 0, 32;
    %pushi/vec4 0, 0, 32;
    %store/vec4 v0x56424ee71550_0, 0, 32;
    %end;
    .thread T_14;
    .scope S_0x56424ee70d70;
T_15 ;
    %wait E_0x56424ee71040;
    %load/vec4 v0x56424ee716f0_0;
    %flag_set/vec4 8;
    %jmp/0xz  T_15.0, 8;
    %pushi/vec4 1, 0, 32;
    %assign/vec4 v0x56424ee71840_0, 0;
    %load/vec4 v0x56424ee711a0_0;
    %assign/vec4 v0x56424ee71260_0, 0;
    %pushi/vec4 0, 0, 32;
    %assign/vec4 v0x56424ee71610_0, 0;
    %jmp T_15.1;
T_15.0 ;
    %load/vec4 v0x56424ee714b0_0;
    %nor/r;
    %flag_set/vec4 8;
    %jmp/0xz  T_15.2, 8;
    %pushi/vec4 0, 0, 1;
    %assign/vec4 v0x56424ee71260_0, 0;
    %load/vec4 v0x56424ee71610_0;
    %load/vec4 v0x56424ee71840_0;
    %subi 1, 0, 32;
    %cmp/e;
    %jmp/0xz  T_15.4, 4;
    %pushi/vec4 0, 0, 32;
    %assign/vec4 v0x56424ee71610_0, 0;
    %jmp T_15.5;
T_15.4 ;
    %load/vec4 v0x56424ee71610_0;
    %addi 1, 0, 32;
    %assign/vec4 v0x56424ee71610_0, 0;
T_15.5 ;
    %load/vec4 v0x56424ee71330_0;
    %nor/r;
    %flag_set/vec4 8;
    %jmp/0xz  T_15.6, 8;
    %load/vec4 v0x56424ee71840_0;
    %cmpi/e 1, 0, 32;
    %jmp/0xz  T_15.8, 4;
    %load/vec4 v0x56424ee711a0_0;
    %assign/vec4 v0x56424ee71260_0, 0;
T_15.8 ;
    %load/vec4 v0x56424ee71840_0;
    %load/vec4 v0x56424ee71840_0;
    %pushi/vec4 2, 0, 32;
    %div;
    %muli 2, 0, 32;
    %cmp/e;
    %jmp/0xz  T_15.10, 4;
    %load/vec4 v0x56424ee713d0_0;
    %addi 1, 0, 32;
    %assign/vec4 v0x56424ee713d0_0, 0;
    %load/vec4 v0x56424ee71840_0;
    %subi 1, 0, 32;
    %load/vec4 v0x56424ee713d0_0;
    %cmp/u;
    %flag_or 5, 4;
    %jmp/0xz  T_15.12, 5;
    %pushi/vec4 0, 0, 32;
    %assign/vec4 v0x56424ee713d0_0, 0;
T_15.12 ;
    %load/vec4 v0x56424ee713d0_0;
    %load/vec4 v0x56424ee71840_0;
    %pushi/vec4 2, 0, 32;
    %div;
    %cmp/u;
    %flag_mov 8, 5;
    %jmp/0 T_15.14, 8;
    %pushi/vec4 1, 0, 1;
    %jmp/1 T_15.15, 8;
T_15.14 ; End of true expr.
    %pushi/vec4 0, 0, 1;
    %jmp/0 T_15.15, 8;
 ; End of false expr.
    %blend;
T_15.15;
    %assign/vec4 v0x56424ee71260_0, 0;
T_15.10 ;
    %jmp T_15.7;
T_15.6 ;
    %load/vec4 v0x56424ee710a0_0;
    %assign/vec4 v0x56424ee71840_0, 0;
T_15.7 ;
    %jmp T_15.3;
T_15.2 ;
    %load/vec4 v0x56424ee71610_0;
    %load/vec4 v0x56424ee710a0_0;
    %subi 1, 0, 32;
    %cmp/e;
    %jmp/0xz  T_15.16, 4;
    %pushi/vec4 0, 0, 32;
    %assign/vec4 v0x56424ee71610_0, 0;
    %jmp T_15.17;
T_15.16 ;
    %load/vec4 v0x56424ee71610_0;
    %addi 1, 0, 32;
    %assign/vec4 v0x56424ee71610_0, 0;
T_15.17 ;
    %load/vec4 v0x56424ee710a0_0;
    %cmpi/e 1, 0, 32;
    %jmp/0xz  T_15.18, 4;
    %load/vec4 v0x56424ee711a0_0;
    %assign/vec4 v0x56424ee71260_0, 0;
T_15.18 ;
    %load/vec4 v0x56424ee710a0_0;
    %load/vec4 v0x56424ee710a0_0;
    %pushi/vec4 2, 0, 32;
    %div;
    %muli 2, 0, 32;
    %cmp/e;
    %jmp/0xz  T_15.20, 4;
    %load/vec4 v0x56424ee713d0_0;
    %addi 1, 0, 32;
    %assign/vec4 v0x56424ee713d0_0, 0;
    %load/vec4 v0x56424ee710a0_0;
    %subi 1, 0, 32;
    %load/vec4 v0x56424ee713d0_0;
    %cmp/u;
    %flag_or 5, 4;
    %jmp/0xz  T_15.22, 5;
    %pushi/vec4 0, 0, 32;
    %assign/vec4 v0x56424ee713d0_0, 0;
T_15.22 ;
    %load/vec4 v0x56424ee713d0_0;
    %load/vec4 v0x56424ee710a0_0;
    %pushi/vec4 2, 0, 32;
    %div;
    %cmp/u;
    %flag_mov 8, 5;
    %jmp/0 T_15.24, 8;
    %pushi/vec4 1, 0, 1;
    %jmp/1 T_15.25, 8;
T_15.24 ; End of true expr.
    %pushi/vec4 0, 0, 1;
    %jmp/0 T_15.25, 8;
 ; End of false expr.
    %blend;
T_15.25;
    %assign/vec4 v0x56424ee71260_0, 0;
T_15.20 ;
T_15.3 ;
T_15.1 ;
    %jmp T_15;
    .thread T_15;
    .scope S_0x56424ee70d70;
T_16 ;
    %wait E_0x56424ee70fe0;
    %load/vec4 v0x56424ee716f0_0;
    %flag_set/vec4 8;
    %jmp/0xz  T_16.0, 8;
    %pushi/vec4 1, 0, 32;
    %assign/vec4 v0x56424ee71840_0, 0;
    %load/vec4 v0x56424ee711a0_0;
    %assign/vec4 v0x56424ee71260_0, 0;
    %pushi/vec4 0, 0, 32;
    %assign/vec4 v0x56424ee71550_0, 0;
    %jmp T_16.1;
T_16.0 ;
    %load/vec4 v0x56424ee710a0_0;
    %cmpi/e 1, 0, 32;
    %jmp/0xz  T_16.2, 4;
    %load/vec4 v0x56424ee711a0_0;
    %assign/vec4 v0x56424ee71260_0, 0;
T_16.2 ;
    %load/vec4 v0x56424ee71840_0;
    %cmpi/e 1, 0, 32;
    %jmp/0xz  T_16.4, 4;
    %load/vec4 v0x56424ee711a0_0;
    %assign/vec4 v0x56424ee71260_0, 0;
T_16.4 ;
    %load/vec4 v0x56424ee714b0_0;
    %nor/r;
    %load/vec4 v0x56424ee71550_0;
    %load/vec4 v0x56424ee71840_0;
    %subi 1, 0, 32;
    %cmp/e;
    %flag_get/vec4 4;
    %and;
    %flag_set/vec4 8;
    %jmp/0xz  T_16.6, 8;
    %pushi/vec4 0, 0, 32;
    %assign/vec4 v0x56424ee71550_0, 0;
    %jmp T_16.7;
T_16.6 ;
    %load/vec4 v0x56424ee714b0_0;
    %nor/r;
    %flag_set/vec4 8;
    %jmp/0xz  T_16.8, 8;
    %load/vec4 v0x56424ee71550_0;
    %addi 1, 0, 32;
    %assign/vec4 v0x56424ee71550_0, 0;
T_16.8 ;
T_16.7 ;
    %load/vec4 v0x56424ee714b0_0;
    %load/vec4 v0x56424ee71550_0;
    %load/vec4 v0x56424ee710a0_0;
    %subi 1, 0, 32;
    %cmp/e;
    %flag_get/vec4 4;
    %and;
    %flag_set/vec4 8;
    %jmp/0xz  T_16.10, 8;
    %pushi/vec4 0, 0, 32;
    %assign/vec4 v0x56424ee71550_0, 0;
    %jmp T_16.11;
T_16.10 ;
    %load/vec4 v0x56424ee714b0_0;
    %flag_set/vec4 8;
    %jmp/0xz  T_16.12, 8;
    %load/vec4 v0x56424ee71550_0;
    %addi 1, 0, 32;
    %assign/vec4 v0x56424ee71550_0, 0;
T_16.12 ;
T_16.11 ;
T_16.1 ;
    %jmp T_16;
    .thread T_16;
    .scope S_0x56424ee70d70;
T_17 ;
    %wait E_0x56424ee70fa0;
    %load/vec4 v0x56424ee716f0_0;
    %nor/r;
    %flag_set/vec4 8;
    %jmp/0xz  T_17.0, 8;
    %load/vec4 v0x56424ee714b0_0;
    %nor/r;
    %flag_set/vec4 8;
    %jmp/0xz  T_17.2, 8;
    %load/vec4 v0x56424ee71840_0;
    %load/vec4 v0x56424ee71840_0;
    %pushi/vec4 2, 0, 32;
    %div;
    %muli 2, 0, 32;
    %cmp/ne;
    %jmp/0xz  T_17.4, 4;
    %load/vec4 v0x56424ee71840_0;
    %ix/load 4, 1, 0;
    %flag_set/imm 4, 0;
    %shiftr 4;
    %load/vec4 v0x56424ee71610_0;
    %cmp/u;
    %flag_get/vec4 5;
    %load/vec4 v0x56424ee71840_0;
    %ix/load 4, 1, 0;
    %flag_set/imm 4, 0;
    %shiftr 4;
    %load/vec4 v0x56424ee71550_0;
    %cmp/u;
    %flag_get/vec4 5;
    %or;
    %assign/vec4 v0x56424ee71260_0, 0;
T_17.4 ;
T_17.2 ;
    %load/vec4 v0x56424ee714b0_0;
    %flag_set/vec4 8;
    %jmp/0xz  T_17.6, 8;
    %load/vec4 v0x56424ee710a0_0;
    %load/vec4 v0x56424ee710a0_0;
    %pushi/vec4 2, 0, 32;
    %div;
    %muli 2, 0, 32;
    %cmp/ne;
    %jmp/0xz  T_17.8, 4;
    %load/vec4 v0x56424ee710a0_0;
    %ix/load 4, 1, 0;
    %flag_set/imm 4, 0;
    %shiftr 4;
    %load/vec4 v0x56424ee71610_0;
    %cmp/u;
    %flag_get/vec4 5;
    %load/vec4 v0x56424ee710a0_0;
    %ix/load 4, 1, 0;
    %flag_set/imm 4, 0;
    %shiftr 4;
    %load/vec4 v0x56424ee71550_0;
    %cmp/u;
    %flag_get/vec4 5;
    %or;
    %assign/vec4 v0x56424ee71260_0, 0;
T_17.8 ;
T_17.6 ;
T_17.0 ;
    %jmp T_17;
    .thread T_17, $push;
    .scope S_0x56424ee75160;
T_18 ;
    %pushi/vec4 0, 0, 32;
    %store/vec4 v0x56424ee75910_0, 0, 32;
    %end;
    .thread T_18;
    .scope S_0x56424ee75160;
T_19 ;
    %wait E_0x56424ee71040;
    %load/vec4 v0x56424ee75a70_0;
    %flag_set/vec4 8;
    %jmp/0xz  T_19.0, 8;
    %pushi/vec4 0, 0, 32;
    %assign/vec4 v0x56424ee755c0_0, 0;
    %pushi/vec4 0, 0, 32;
    %assign/vec4 v0x56424ee75910_0, 0;
    %pushi/vec4 0, 0, 1;
    %assign/vec4 v0x56424ee75c40_0, 0;
    %pushi/vec4 0, 0, 1;
    %assign/vec4 v0x56424ee75d00_0, 0;
    %pushi/vec4 0, 1, 1;
    %assign/vec4 v0x56424ee75520_0, 0;
    %jmp T_19.1;
T_19.0 ;
    %load/vec4 v0x56424ee75840_0;
    %load/vec4 v0x56424ee75ba0_0;
    %nor/r;
    %and;
    %load/vec4 v0x56424ee756b0_0;
    %and;
    %flag_set/vec4 8;
    %jmp/0xz  T_19.2, 8;
    %pushi/vec4 1, 0, 1;
    %assign/vec4 v0x56424ee759b0_0, 0;
    %pushi/vec4 0, 0, 32;
    %store/vec4 v0x56424ee75910_0, 0, 32;
T_19.4 ;
    %load/vec4 v0x56424ee75910_0;
    %cmpi/s 32, 0, 32;
    %jmp/0xz T_19.5, 5;
    %load/vec4 v0x56424ee75410_0;
    %load/vec4 v0x56424ee75910_0;
    %part/s 1;
    %cmpi/e 0, 1, 1;
    %flag_mov 8, 4;
    %load/vec4 v0x56424ee75410_0;
    %load/vec4 v0x56424ee75910_0;
    %part/s 1;
    %cmpi/e 1, 1, 1;
    %flag_or 4, 8;
    %jmp/0xz  T_19.6, 4;
    %pushi/vec4 0, 0, 1;
    %assign/vec4 v0x56424ee759b0_0, 0;
T_19.6 ;
    %load/vec4 v0x56424ee75910_0;
    %addi 1, 0, 32;
    %store/vec4 v0x56424ee75910_0, 0, 32;
    %jmp T_19.4;
T_19.5 ;
    %load/vec4 v0x56424ee759b0_0;
    %flag_set/vec4 8;
    %jmp/0xz  T_19.8, 8;
    %load/vec4 v0x56424ee75410_0;
    %assign/vec4 v0x56424ee755c0_0, 0;
T_19.8 ;
    %pushi/vec4 0, 0, 32;
    %assign/vec4 v0x56424ee75910_0, 0;
T_19.2 ;
T_19.1 ;
    %jmp T_19;
    .thread T_19;
    .scope S_0x56424ee75160;
T_20 ;
    %wait E_0x56424ee747d0;
    %load/vec4 v0x56424ee75a70_0;
    %flag_set/vec4 8;
    %jmp/0xz  T_20.0, 8;
    %pushi/vec4 0, 0, 32;
    %assign/vec4 v0x56424ee755c0_0, 0;
    %pushi/vec4 0, 0, 32;
    %assign/vec4 v0x56424ee75910_0, 0;
    %pushi/vec4 0, 0, 1;
    %assign/vec4 v0x56424ee75c40_0, 0;
    %pushi/vec4 0, 0, 1;
    %assign/vec4 v0x56424ee75d00_0, 0;
    %jmp T_20.1;
T_20.0 ;
    %load/vec4 v0x56424ee75840_0;
    %nor/r;
    %load/vec4 v0x56424ee759b0_0;
    %and;
    %load/vec4 v0x56424ee75910_0;
    %cmpi/s 32, 0, 32;
    %flag_get/vec4 4;
    %flag_get/vec4 5;
    %or;
    %and;
    %flag_set/vec4 8;
    %jmp/0xz  T_20.2, 8;
    %load/vec4 v0x56424ee75910_0;
    %cmpi/s 31, 0, 32;
    %jmp/0xz  T_20.4, 5;
    %pushi/vec4 1, 0, 1;
    %assign/vec4 v0x56424ee75c40_0, 0;
    %load/vec4 v0x56424ee755c0_0;
    %load/vec4 v0x56424ee75910_0;
    %part/s 1;
    %assign/vec4 v0x56424ee75520_0, 0;
T_20.4 ;
    %load/vec4 v0x56424ee75910_0;
    %cmpi/e 31, 0, 32;
    %jmp/0xz  T_20.6, 4;
    %pushi/vec4 1, 0, 1;
    %assign/vec4 v0x56424ee75d00_0, 0;
T_20.6 ;
    %load/vec4 v0x56424ee75910_0;
    %cmpi/e 32, 0, 32;
    %jmp/0xz  T_20.8, 4;
    %pushi/vec4 0, 0, 1;
    %assign/vec4 v0x56424ee75d00_0, 0;
    %pushi/vec4 0, 0, 1;
    %assign/vec4 v0x56424ee75c40_0, 0;
    %pushi/vec4 0, 1, 1;
    %assign/vec4 v0x56424ee75520_0, 0;
T_20.8 ;
    %load/vec4 v0x56424ee75910_0;
    %addi 1, 0, 32;
    %assign/vec4 v0x56424ee75910_0, 0;
T_20.2 ;
T_20.1 ;
    %jmp T_20;
    .thread T_20;
    .scope S_0x56424edd37a0;
T_21 ;
    %vpi_call 2 72 "$dumpvars", 32'sb00000000000000000000000000000000, S_0x56424edd37a0 {0 0 0};
    %vpi_call 2 73 "$dumpfile", "my.vcd" {0 0 0};
    %pushi/vec4 0, 0, 1;
    %store/vec4 v0x56424ee76750_0, 0, 1;
T_21.0 ;
    %delay 5, 0;
    %load/vec4 v0x56424ee76750_0;
    %inv;
    %store/vec4 v0x56424ee76750_0, 0, 1;
    %jmp T_21.0;
    %end;
    .thread T_21;
    .scope S_0x56424edd37a0;
T_22 ;
    %pushi/vec4 1, 0, 1;
    %store/vec4 v0x56424ee772d0_0, 0, 1;
    %pushi/vec4 1, 0, 32;
    %store/vec4 v0x56424ee75fd0_0, 0, 32;
    %pushi/vec4 1, 0, 1;
    %store/vec4 v0x56424ee768e0_0, 0, 1;
    %pushi/vec4 1, 0, 1;
    %store/vec4 v0x56424ee777a0_0, 0, 1;
    %pushi/vec4 0, 0, 1;
    %store/vec4 v0x56424ee76e30_0, 0, 1;
    %pushi/vec4 1, 0, 1;
    %store/vec4 v0x56424ee77410_0, 0, 1;
    %delay 15, 0;
    %pushi/vec4 0, 0, 1;
    %store/vec4 v0x56424ee772d0_0, 0, 1;
    %pushi/vec4 1, 0, 1;
    %store/vec4 v0x56424ee777a0_0, 0, 1;
    %delay 14, 0;
    %pushi/vec4 1, 0, 1;
    %store/vec4 v0x56424ee76e30_0, 0, 1;
    %delay 10, 0;
    %pushi/vec4 0, 0, 1;
    %store/vec4 v0x56424ee76e30_0, 0, 1;
    %delay 10, 0;
    %pushi/vec4 1, 0, 1;
    %store/vec4 v0x56424ee76e30_0, 0, 1;
    %delay 10, 0;
    %pushi/vec4 0, 0, 1;
    %store/vec4 v0x56424ee76e30_0, 0, 1;
    %delay 10, 0;
    %pushi/vec4 1, 0, 1;
    %store/vec4 v0x56424ee76e30_0, 0, 1;
    %delay 10, 0;
    %pushi/vec4 0, 0, 1;
    %store/vec4 v0x56424ee76e30_0, 0, 1;
    %pushi/vec4 0, 0, 1;
    %store/vec4 v0x56424ee768e0_0, 0, 1;
    %delay 10, 0;
    %pushi/vec4 0, 0, 8;
    %store/vec4 v0x56424ee76350_0, 0, 8;
    %pushi/vec4 7, 0, 8;
    %store/vec4 v0x56424ee76cf0_0, 0, 8;
    %pushi/vec4 8, 0, 8;
    %store/vec4 v0x56424ee76d90_0, 0, 8;
    %pushi/vec4 1, 0, 4;
    %store/vec4 v0x56424ee77570_0, 0, 4;
    %delay 15, 0;
    %pushi/vec4 1, 0, 8;
    %store/vec4 v0x56424ee76350_0, 0, 8;
    %pushi/vec4 31, 0, 8;
    %store/vec4 v0x56424ee76cf0_0, 0, 8;
    %pushi/vec4 31, 0, 8;
    %store/vec4 v0x56424ee76d90_0, 0, 8;
    %pushi/vec4 2, 0, 4;
    %store/vec4 v0x56424ee77570_0, 0, 4;
    %delay 15, 0;
    %pushi/vec4 0, 0, 1;
    %store/vec4 v0x56424ee77410_0, 0, 1;
    %pushi/vec4 0, 0, 8;
    %store/vec4 v0x56424ee76350_0, 0, 8;
    %delay 735, 0;
    %pushi/vec4 1, 0, 8;
    %store/vec4 v0x56424ee76350_0, 0, 8;
    %delay 340, 0;
    %delay 2000, 0;
    %vpi_call 2 173 "$finish" {0 0 0};
    %end;
    .thread T_22;
# The file index is used to find the file name in the following table.
:file_names 12;
    "N/A";
    "<interactive>";
    "TOP.v";
    "CAT_32.v";
    "CONTROL_RW_FLOW.v";
    "DEC_INPUT_KEY.v";
    "DFF.v";
    "DIV_FREQ.v";
    "MUX.v";
    "M_ALU.v";
    "MEMORY.v";
    "REG_SHIFT_PLOAD.v";
