#! /usr/bin/vvp
:ivl_version "11.0 (stable)" "(v11_0)";
:ivl_delay_selection "TYPICAL";
:vpi_time_precision + 0;
:vpi_module "/usr/lib/ivl/system.vpi";
:vpi_module "/usr/lib/ivl/vhdl_sys.vpi";
:vpi_module "/usr/lib/ivl/vhdl_textio.vpi";
:vpi_module "/usr/lib/ivl/v2005_math.vpi";
:vpi_module "/usr/lib/ivl/va_math.vpi";
S_0x564502cef010 .scope module, "tb_DEC_INPUT_KEY" "tb_DEC_INPUT_KEY" 2 1;
 .timescale 0 0;
v0x564502d19630_0 .net "active", 0 0, L_0x564502d1e9b0;  1 drivers
v0x564502d19700_0 .var "clk", 0 0;
v0x564502d197a0_0 .var "input_key", 0 0;
v0x564502d198a0_0 .net "mode", 0 0, L_0x564502d1e8a0;  1 drivers
v0x564502d19970_0 .var "reset", 0 0;
v0x564502d19a10_0 .var "valid_cmd", 0 0;
S_0x564502cef1a0 .scope module, "DUT" "DEC_INPUT_KEY" 2 10, 3 1 0, S_0x564502cef010;
 .timescale 0 0;
    .port_info 0 /INPUT 1 "input_key";
    .port_info 1 /INPUT 1 "valid_cmd";
    .port_info 2 /INPUT 1 "reset";
    .port_info 3 /INPUT 1 "clk";
    .port_info 4 /OUTPUT 1 "active";
    .port_info 5 /OUTPUT 1 "mode";
P_0x564502ce9670 .param/l "IDLE" 1 3 9, C4<000>;
P_0x564502ce96b0 .param/l "S1" 1 3 10, C4<001>;
P_0x564502ce96f0 .param/l "S2" 1 3 11, C4<011>;
P_0x564502ce9730 .param/l "S3" 1 3 12, C4<010>;
P_0x564502ce9770 .param/l "S4" 1 3 13, C4<110>;
P_0x564502ce97b0 .param/l "S5" 1 3 14, C4<111>;
P_0x564502ce97f0 .param/l "S6" 1 3 15, C4<101>;
L_0x564502d19ab0 .functor NOT 1, v0x564502d15130_0, C4<0>, C4<0>, C4<0>;
L_0x564502d19b50 .functor AND 1, L_0x564502d19ab0, v0x564502d14b60_0, C4<1>, C4<1>;
L_0x564502d19c60 .functor NOT 1, v0x564502cf1df0_0, C4<0>, C4<0>, C4<0>;
L_0x564502d19d20 .functor AND 1, L_0x564502d19b50, L_0x564502d19c60, C4<1>, C4<1>;
L_0x564502d19e60 .functor AND 1, L_0x564502d19d20, v0x564502d19a10_0, C4<1>, C4<1>;
L_0x564502d19f70 .functor NOT 1, v0x564502d197a0_0, C4<0>, C4<0>, C4<0>;
L_0x564502d1a070 .functor AND 1, L_0x564502d19e60, L_0x564502d19f70, C4<1>, C4<1>;
L_0x564502d1a180 .functor AND 1, v0x564502d15130_0, v0x564502d14b60_0, C4<1>, C4<1>;
L_0x564502d1a240 .functor NOT 1, v0x564502cf1df0_0, C4<0>, C4<0>, C4<0>;
L_0x564502d1a2b0 .functor AND 1, L_0x564502d1a180, L_0x564502d1a240, C4<1>, C4<1>;
L_0x564502d1a420 .functor AND 1, L_0x564502d1a2b0, v0x564502d19a10_0, C4<1>, C4<1>;
L_0x564502d1a490 .functor OR 1, L_0x564502d1a070, L_0x564502d1a420, C4<0>, C4<0>;
L_0x564502d1a610 .functor AND 1, v0x564502d15130_0, v0x564502cf1df0_0, C4<1>, C4<1>;
L_0x564502d1a7a0 .functor OR 1, L_0x564502d1a490, L_0x564502d1a610, C4<0>, C4<0>;
L_0x564502d1a5a0 .functor NOT 1, v0x564502d15130_0, C4<0>, C4<0>, C4<0>;
L_0x564502d1a8e0 .functor NOT 1, v0x564502d14b60_0, C4<0>, C4<0>, C4<0>;
L_0x564502d1aa70 .functor AND 1, L_0x564502d1a5a0, L_0x564502d1a8e0, C4<1>, C4<1>;
L_0x564502d1ab30 .functor AND 1, L_0x564502d1aa70, v0x564502cf1df0_0, C4<1>, C4<1>;
L_0x564502d1ac90 .functor AND 1, L_0x564502d1ab30, v0x564502d19a10_0, C4<1>, C4<1>;
L_0x564502d1ad50 .functor NOT 1, v0x564502d197a0_0, C4<0>, C4<0>, C4<0>;
L_0x564502d1ae70 .functor AND 1, L_0x564502d1ac90, L_0x564502d1ad50, C4<1>, C4<1>;
L_0x564502d1af30 .functor NOT 1, v0x564502d15130_0, C4<0>, C4<0>, C4<0>;
L_0x564502d1b060 .functor AND 1, L_0x564502d1af30, v0x564502d14b60_0, C4<1>, C4<1>;
L_0x564502d1b120 .functor AND 1, L_0x564502d1b060, v0x564502cf1df0_0, C4<1>, C4<1>;
L_0x564502d1b2b0 .functor AND 1, L_0x564502d1b120, v0x564502d19a10_0, C4<1>, C4<1>;
L_0x564502d1b370 .functor AND 1, L_0x564502d1b2b0, v0x564502d197a0_0, C4<1>, C4<1>;
L_0x564502d1b5a0 .functor OR 1, L_0x564502d1ae70, L_0x564502d1b370, C4<0>, C4<0>;
L_0x564502d1b660 .functor NOT 1, v0x564502cf1df0_0, C4<0>, C4<0>, C4<0>;
L_0x564502d1b7c0 .functor AND 1, v0x564502d14b60_0, L_0x564502d1b660, C4<1>, C4<1>;
L_0x564502d1b880 .functor AND 1, L_0x564502d1b7c0, v0x564502d19a10_0, C4<1>, C4<1>;
L_0x564502d1ba40 .functor NOT 1, v0x564502d197a0_0, C4<0>, C4<0>, C4<0>;
L_0x564502d1bab0 .functor AND 1, L_0x564502d1b880, L_0x564502d1ba40, C4<1>, C4<1>;
L_0x564502d1bcd0 .functor OR 1, L_0x564502d1b5a0, L_0x564502d1bab0, C4<0>, C4<0>;
L_0x564502d1bde0 .functor AND 1, v0x564502d15130_0, v0x564502d14b60_0, C4<1>, C4<1>;
L_0x564502d1bf70 .functor AND 1, L_0x564502d1bde0, v0x564502cf1df0_0, C4<1>, C4<1>;
L_0x564502d1c030 .functor OR 1, L_0x564502d1bcd0, L_0x564502d1bf70, C4<0>, C4<0>;
L_0x564502d1c2c0 .functor NOT 1, v0x564502d15130_0, C4<0>, C4<0>, C4<0>;
L_0x564502d1c330 .functor NOT 1, v0x564502d14b60_0, C4<0>, C4<0>, C4<0>;
L_0x564502d1c4e0 .functor AND 1, L_0x564502d1c2c0, L_0x564502d1c330, C4<1>, C4<1>;
L_0x564502d1c5f0 .functor NOT 1, v0x564502cf1df0_0, C4<0>, C4<0>, C4<0>;
L_0x564502d1c7b0 .functor AND 1, L_0x564502d1c4e0, L_0x564502d1c5f0, C4<1>, C4<1>;
L_0x564502d1c8c0 .functor AND 1, L_0x564502d1c7b0, v0x564502d19a10_0, C4<1>, C4<1>;
L_0x564502d1cae0 .functor AND 1, L_0x564502d1c8c0, v0x564502d197a0_0, C4<1>, C4<1>;
L_0x564502d1cba0 .functor NOT 1, v0x564502d15130_0, C4<0>, C4<0>, C4<0>;
L_0x564502d1cd80 .functor NOT 1, v0x564502d14b60_0, C4<0>, C4<0>, C4<0>;
L_0x564502d1cdf0 .functor AND 1, L_0x564502d1cba0, L_0x564502d1cd80, C4<1>, C4<1>;
L_0x564502d1d080 .functor AND 1, L_0x564502d1cdf0, v0x564502cf1df0_0, C4<1>, C4<1>;
L_0x564502d1d140 .functor AND 1, L_0x564502d1d080, v0x564502d19a10_0, C4<1>, C4<1>;
L_0x564502d1d4a0 .functor NOT 1, v0x564502d197a0_0, C4<0>, C4<0>, C4<0>;
L_0x564502d1d510 .functor AND 1, L_0x564502d1d140, L_0x564502d1d4a0, C4<1>, C4<1>;
L_0x564502d1d7c0 .functor OR 1, L_0x564502d1cae0, L_0x564502d1d510, C4<0>, C4<0>;
L_0x564502d1d8d0 .functor AND 1, v0x564502d15130_0, v0x564502d14b60_0, C4<1>, C4<1>;
L_0x564502d1daf0 .functor NOT 1, v0x564502cf1df0_0, C4<0>, C4<0>, C4<0>;
L_0x564502d1db60 .functor AND 1, L_0x564502d1d8d0, L_0x564502d1daf0, C4<1>, C4<1>;
L_0x564502d1de30 .functor AND 1, L_0x564502d1db60, v0x564502d19a10_0, C4<1>, C4<1>;
L_0x564502d1def0 .functor OR 1, L_0x564502d1d7c0, L_0x564502d1de30, C4<0>, C4<0>;
L_0x564502d1e1d0 .functor AND 1, v0x564502d15130_0, v0x564502cf1df0_0, C4<1>, C4<1>;
L_0x564502d1e240 .functor OR 1, L_0x564502d1def0, L_0x564502d1e1d0, C4<0>, C4<0>;
L_0x564502d1e580 .functor NOT 1, v0x564502d14b60_0, C4<0>, C4<0>, C4<0>;
L_0x564502d1e5f0 .functor AND 1, v0x564502d15130_0, L_0x564502d1e580, C4<1>, C4<1>;
L_0x564502d1e8a0 .functor AND 1, L_0x564502d1e5f0, v0x564502cf1df0_0, C4<1>, C4<1>;
L_0x564502d1e9b0 .functor AND 1, v0x564502d15130_0, v0x564502cf1df0_0, C4<1>, C4<1>;
v0x564502d15340_0 .net *"_ivl_0", 0 0, L_0x564502d19ab0;  1 drivers
v0x564502d15440_0 .net *"_ivl_10", 0 0, L_0x564502d19f70;  1 drivers
v0x564502d15520_0 .net *"_ivl_100", 0 0, L_0x564502d1d7c0;  1 drivers
v0x564502d155e0_0 .net *"_ivl_102", 0 0, L_0x564502d1d8d0;  1 drivers
v0x564502d156c0_0 .net *"_ivl_104", 0 0, L_0x564502d1daf0;  1 drivers
v0x564502d157f0_0 .net *"_ivl_106", 0 0, L_0x564502d1db60;  1 drivers
v0x564502d158d0_0 .net *"_ivl_108", 0 0, L_0x564502d1de30;  1 drivers
v0x564502d159b0_0 .net *"_ivl_110", 0 0, L_0x564502d1def0;  1 drivers
v0x564502d15a90_0 .net *"_ivl_112", 0 0, L_0x564502d1e1d0;  1 drivers
v0x564502d15b70_0 .net *"_ivl_116", 0 0, L_0x564502d1e580;  1 drivers
v0x564502d15c50_0 .net *"_ivl_118", 0 0, L_0x564502d1e5f0;  1 drivers
v0x564502d15d30_0 .net *"_ivl_12", 0 0, L_0x564502d1a070;  1 drivers
v0x564502d15e10_0 .net *"_ivl_14", 0 0, L_0x564502d1a180;  1 drivers
v0x564502d15ef0_0 .net *"_ivl_16", 0 0, L_0x564502d1a240;  1 drivers
v0x564502d15fd0_0 .net *"_ivl_18", 0 0, L_0x564502d1a2b0;  1 drivers
v0x564502d160b0_0 .net *"_ivl_2", 0 0, L_0x564502d19b50;  1 drivers
v0x564502d16190_0 .net *"_ivl_20", 0 0, L_0x564502d1a420;  1 drivers
v0x564502d16270_0 .net *"_ivl_22", 0 0, L_0x564502d1a490;  1 drivers
v0x564502d16350_0 .net *"_ivl_24", 0 0, L_0x564502d1a610;  1 drivers
v0x564502d16430_0 .net *"_ivl_28", 0 0, L_0x564502d1a5a0;  1 drivers
v0x564502d16510_0 .net *"_ivl_30", 0 0, L_0x564502d1a8e0;  1 drivers
v0x564502d165f0_0 .net *"_ivl_32", 0 0, L_0x564502d1aa70;  1 drivers
v0x564502d166d0_0 .net *"_ivl_34", 0 0, L_0x564502d1ab30;  1 drivers
v0x564502d167b0_0 .net *"_ivl_36", 0 0, L_0x564502d1ac90;  1 drivers
v0x564502d16890_0 .net *"_ivl_38", 0 0, L_0x564502d1ad50;  1 drivers
v0x564502d16970_0 .net *"_ivl_4", 0 0, L_0x564502d19c60;  1 drivers
v0x564502d16a50_0 .net *"_ivl_40", 0 0, L_0x564502d1ae70;  1 drivers
v0x564502d16b30_0 .net *"_ivl_42", 0 0, L_0x564502d1af30;  1 drivers
v0x564502d16c10_0 .net *"_ivl_44", 0 0, L_0x564502d1b060;  1 drivers
v0x564502d16cf0_0 .net *"_ivl_46", 0 0, L_0x564502d1b120;  1 drivers
v0x564502d16dd0_0 .net *"_ivl_48", 0 0, L_0x564502d1b2b0;  1 drivers
v0x564502d16eb0_0 .net *"_ivl_50", 0 0, L_0x564502d1b370;  1 drivers
v0x564502d16f90_0 .net *"_ivl_52", 0 0, L_0x564502d1b5a0;  1 drivers
v0x564502d17280_0 .net *"_ivl_54", 0 0, L_0x564502d1b660;  1 drivers
v0x564502d17360_0 .net *"_ivl_56", 0 0, L_0x564502d1b7c0;  1 drivers
v0x564502d17440_0 .net *"_ivl_58", 0 0, L_0x564502d1b880;  1 drivers
v0x564502d17520_0 .net *"_ivl_6", 0 0, L_0x564502d19d20;  1 drivers
v0x564502d17600_0 .net *"_ivl_60", 0 0, L_0x564502d1ba40;  1 drivers
v0x564502d176e0_0 .net *"_ivl_62", 0 0, L_0x564502d1bab0;  1 drivers
v0x564502d177c0_0 .net *"_ivl_64", 0 0, L_0x564502d1bcd0;  1 drivers
v0x564502d178a0_0 .net *"_ivl_66", 0 0, L_0x564502d1bde0;  1 drivers
v0x564502d17980_0 .net *"_ivl_68", 0 0, L_0x564502d1bf70;  1 drivers
v0x564502d17a60_0 .net *"_ivl_72", 0 0, L_0x564502d1c2c0;  1 drivers
v0x564502d17b40_0 .net *"_ivl_74", 0 0, L_0x564502d1c330;  1 drivers
v0x564502d17c20_0 .net *"_ivl_76", 0 0, L_0x564502d1c4e0;  1 drivers
v0x564502d17d00_0 .net *"_ivl_78", 0 0, L_0x564502d1c5f0;  1 drivers
v0x564502d17de0_0 .net *"_ivl_8", 0 0, L_0x564502d19e60;  1 drivers
v0x564502d17ec0_0 .net *"_ivl_80", 0 0, L_0x564502d1c7b0;  1 drivers
v0x564502d17fa0_0 .net *"_ivl_82", 0 0, L_0x564502d1c8c0;  1 drivers
v0x564502d18080_0 .net *"_ivl_84", 0 0, L_0x564502d1cae0;  1 drivers
v0x564502d18160_0 .net *"_ivl_86", 0 0, L_0x564502d1cba0;  1 drivers
v0x564502d18240_0 .net *"_ivl_88", 0 0, L_0x564502d1cd80;  1 drivers
v0x564502d18320_0 .net *"_ivl_90", 0 0, L_0x564502d1cdf0;  1 drivers
v0x564502d18400_0 .net *"_ivl_92", 0 0, L_0x564502d1d080;  1 drivers
v0x564502d184e0_0 .net *"_ivl_94", 0 0, L_0x564502d1d140;  1 drivers
v0x564502d185c0_0 .net *"_ivl_96", 0 0, L_0x564502d1d4a0;  1 drivers
v0x564502d186a0_0 .net *"_ivl_98", 0 0, L_0x564502d1d510;  1 drivers
v0x564502d18780_0 .net "active", 0 0, L_0x564502d1e9b0;  alias, 1 drivers
v0x564502d18840_0 .net "clk", 0 0, v0x564502d19700_0;  1 drivers
v0x564502d188e0_0 .net "input_key", 0 0, v0x564502d197a0_0;  1 drivers
v0x564502d189a0_0 .net "mode", 0 0, L_0x564502d1e8a0;  alias, 1 drivers
v0x564502d18a60_0 .net "reset", 0 0, v0x564502d19970_0;  1 drivers
v0x564502d18b00_0 .net "s0", 0 0, v0x564502cf1df0_0;  1 drivers
v0x564502d18ba0_0 .net "s0v", 0 0, L_0x564502d1e240;  1 drivers
v0x564502d18c70_0 .net "s1", 0 0, v0x564502d14b60_0;  1 drivers
v0x564502d19150_0 .net "s1v", 0 0, L_0x564502d1c030;  1 drivers
v0x564502d19220_0 .net "s2", 0 0, v0x564502d15130_0;  1 drivers
v0x564502d192f0_0 .net "s2v", 0 0, L_0x564502d1a7a0;  1 drivers
v0x564502d193c0_0 .net "valid_cmd", 0 0, v0x564502d19a10_0;  1 drivers
S_0x564502ce3040 .scope module, "d0" "dff" 3 25, 4 2 0, S_0x564502cef1a0;
 .timescale 0 0;
    .port_info 0 /INPUT 1 "clk";
    .port_info 1 /INPUT 1 "reset";
    .port_info 2 /INPUT 1 "d";
    .port_info 3 /OUTPUT 1 "q";
v0x564502cf2570_0 .net "clk", 0 0, v0x564502d19700_0;  alias, 1 drivers
v0x564502cf1cf0_0 .net "d", 0 0, L_0x564502d1e240;  alias, 1 drivers
v0x564502cf1df0_0 .var "q", 0 0;
v0x564502d146e0_0 .net "reset", 0 0, v0x564502d19970_0;  alias, 1 drivers
E_0x564502ce38f0 .event posedge, v0x564502d146e0_0, v0x564502cf2570_0;
S_0x564502d14820 .scope module, "d1" "dff" 3 26, 4 2 0, S_0x564502cef1a0;
 .timescale 0 0;
    .port_info 0 /INPUT 1 "clk";
    .port_info 1 /INPUT 1 "reset";
    .port_info 2 /INPUT 1 "d";
    .port_info 3 /OUTPUT 1 "q";
v0x564502d14a20_0 .net "clk", 0 0, v0x564502d19700_0;  alias, 1 drivers
v0x564502d14ac0_0 .net "d", 0 0, L_0x564502d1c030;  alias, 1 drivers
v0x564502d14b60_0 .var "q", 0 0;
v0x564502d14c00_0 .net "reset", 0 0, v0x564502d19970_0;  alias, 1 drivers
S_0x564502d14d00 .scope module, "d2" "dff" 3 27, 4 2 0, S_0x564502cef1a0;
 .timescale 0 0;
    .port_info 0 /INPUT 1 "clk";
    .port_info 1 /INPUT 1 "reset";
    .port_info 2 /INPUT 1 "d";
    .port_info 3 /OUTPUT 1 "q";
v0x564502d14f80_0 .net "clk", 0 0, v0x564502d19700_0;  alias, 1 drivers
v0x564502d15070_0 .net "d", 0 0, L_0x564502d1a7a0;  alias, 1 drivers
v0x564502d15130_0 .var "q", 0 0;
v0x564502d151d0_0 .net "reset", 0 0, v0x564502d19970_0;  alias, 1 drivers
S_0x564502d19480 .scope task, "display" "display" 2 69, 2 69 0, S_0x564502cef010;
 .timescale 0 0;
TD_tb_DEC_INPUT_KEY.display ;
    %vpi_call 2 70 "$display", "reset = %0h, clk = %0h, valid = %0h, in = %0h, active = %0h, mode = %0h", v0x564502d19970_0, v0x564502d19700_0, v0x564502d19a10_0, v0x564502d197a0_0, v0x564502d19630_0, v0x564502d198a0_0 {0 0 0};
    %end;
    .scope S_0x564502ce3040;
T_1 ;
    %wait E_0x564502ce38f0;
    %load/vec4 v0x564502d146e0_0;
    %flag_set/vec4 8;
    %jmp/0xz  T_1.0, 8;
    %pushi/vec4 0, 0, 1;
    %assign/vec4 v0x564502cf1df0_0, 0;
    %jmp T_1.1;
T_1.0 ;
    %load/vec4 v0x564502cf1cf0_0;
    %assign/vec4 v0x564502cf1df0_0, 0;
T_1.1 ;
    %jmp T_1;
    .thread T_1;
    .scope S_0x564502d14820;
T_2 ;
    %wait E_0x564502ce38f0;
    %load/vec4 v0x564502d14c00_0;
    %flag_set/vec4 8;
    %jmp/0xz  T_2.0, 8;
    %pushi/vec4 0, 0, 1;
    %assign/vec4 v0x564502d14b60_0, 0;
    %jmp T_2.1;
T_2.0 ;
    %load/vec4 v0x564502d14ac0_0;
    %assign/vec4 v0x564502d14b60_0, 0;
T_2.1 ;
    %jmp T_2;
    .thread T_2;
    .scope S_0x564502d14d00;
T_3 ;
    %wait E_0x564502ce38f0;
    %load/vec4 v0x564502d151d0_0;
    %flag_set/vec4 8;
    %jmp/0xz  T_3.0, 8;
    %pushi/vec4 0, 0, 1;
    %assign/vec4 v0x564502d15130_0, 0;
    %jmp T_3.1;
T_3.0 ;
    %load/vec4 v0x564502d15070_0;
    %assign/vec4 v0x564502d15130_0, 0;
T_3.1 ;
    %jmp T_3;
    .thread T_3;
    .scope S_0x564502cef010;
T_4 ;
    %vpi_call 2 14 "$dumpvars", 32'sb00000000000000000000000000000000, S_0x564502cef010 {0 0 0};
    %vpi_call 2 15 "$dumpfile", "my.vcd" {0 0 0};
    %pushi/vec4 0, 0, 1;
    %store/vec4 v0x564502d19700_0, 0, 1;
T_4.0 ;
    %delay 5, 0;
    %load/vec4 v0x564502d19700_0;
    %inv;
    %store/vec4 v0x564502d19700_0, 0, 1;
    %jmp T_4.0;
    %end;
    .thread T_4;
    .scope S_0x564502cef010;
T_5 ;
    %pushi/vec4 1, 0, 1;
    %store/vec4 v0x564502d19970_0, 0, 1;
    %pushi/vec4 0, 0, 1;
    %store/vec4 v0x564502d19a10_0, 0, 1;
    %pushi/vec4 0, 0, 1;
    %store/vec4 v0x564502d197a0_0, 0, 1;
    %delay 4, 0;
    %fork TD_tb_DEC_INPUT_KEY.display, S_0x564502d19480;
    %join;
    %pushi/vec4 0, 0, 1;
    %store/vec4 v0x564502d19970_0, 0, 1;
    %pushi/vec4 1, 0, 1;
    %store/vec4 v0x564502d19a10_0, 0, 1;
    %pushi/vec4 1, 0, 1;
    %store/vec4 v0x564502d197a0_0, 0, 1;
    %delay 12, 0;
    %fork TD_tb_DEC_INPUT_KEY.display, S_0x564502d19480;
    %join;
    %pushi/vec4 1, 0, 1;
    %store/vec4 v0x564502d19a10_0, 0, 1;
    %pushi/vec4 0, 0, 1;
    %store/vec4 v0x564502d197a0_0, 0, 1;
    %delay 12, 0;
    %fork TD_tb_DEC_INPUT_KEY.display, S_0x564502d19480;
    %join;
    %pushi/vec4 1, 0, 1;
    %store/vec4 v0x564502d19a10_0, 0, 1;
    %pushi/vec4 1, 0, 1;
    %store/vec4 v0x564502d197a0_0, 0, 1;
    %delay 12, 0;
    %fork TD_tb_DEC_INPUT_KEY.display, S_0x564502d19480;
    %join;
    %pushi/vec4 1, 0, 1;
    %store/vec4 v0x564502d19a10_0, 0, 1;
    %pushi/vec4 0, 0, 1;
    %store/vec4 v0x564502d197a0_0, 0, 1;
    %delay 12, 0;
    %fork TD_tb_DEC_INPUT_KEY.display, S_0x564502d19480;
    %join;
    %pushi/vec4 1, 0, 1;
    %store/vec4 v0x564502d19a10_0, 0, 1;
    %pushi/vec4 1, 0, 1;
    %store/vec4 v0x564502d197a0_0, 0, 1;
    %delay 12, 0;
    %fork TD_tb_DEC_INPUT_KEY.display, S_0x564502d19480;
    %join;
    %pushi/vec4 1, 0, 1;
    %store/vec4 v0x564502d19a10_0, 0, 1;
    %pushi/vec4 0, 0, 1;
    %store/vec4 v0x564502d197a0_0, 0, 1;
    %delay 12, 0;
    %fork TD_tb_DEC_INPUT_KEY.display, S_0x564502d19480;
    %join;
    %delay 300, 0;
    %vpi_call 2 64 "$finish" {0 0 0};
    %end;
    .thread T_5;
# The file index is used to find the file name in the following table.
:file_names 5;
    "N/A";
    "<interactive>";
    "tb_DEC_INPUT_KEY.v";
    "DEC_INPUT_KEY.v";
    "dff.v";
